TN:
SF:/Library/Developer/CommandLineTools/SDKs/MacOSX10.14.sdk/usr/include/_ctype.h
FN:135,_Z7isasciii
FN:153,_Z8__istypeim
FN:273,_Z7isupperi
FNDA:221,_Z7isasciii
FNDA:221,_Z8__istypeim
FNDA:221,_Z7isupperi
FNF:3
FNH:3
DA:137,221
DA:158,663
DA:159,0
DA:275,221
LF:4
LH:3
end_of_record
SF:/Library/Developer/CommandLineTools/usr/include/c++/v1/__split_buffer
FN:56,_ZNSt3__114__split_bufferIN11GrammarRule6SymbolERNS_9allocatorIS2_EEE7__allocEv
FN:58,_ZNSt3__114__split_bufferIN11GrammarRule6SymbolERNS_9allocatorIS2_EEE9__end_capEv
FN:59,_ZNKSt3__114__split_bufferIN11GrammarRule6SymbolERNS_9allocatorIS2_EEE9__end_capEv
FN:87,_ZNSt3__114__split_bufferIN11GrammarRule6SymbolERNS_9allocatorIS2_EEE5clearEv
FN:91,_ZNKSt3__114__split_bufferIN11GrammarRule6SymbolERNS_9allocatorIS2_EEE8capacityEv
FN:140,_ZNSt3__114__split_bufferIN11GrammarRule6SymbolERNS_9allocatorIS2_EEE17__destruct_at_endEPS2_
FN:293,_ZNSt3__114__split_bufferIN11GrammarRule6SymbolERNS_9allocatorIS2_EEE17__destruct_at_endEPS2_NS_17integral_constantIbLb0EEE
FN:308,_ZNSt3__114__split_bufferIN11GrammarRule6SymbolERNS_9allocatorIS2_EEEC1EmmS5_
FN:308,_ZNSt3__114__split_bufferIN11GrammarRule6SymbolERNS_9allocatorIS2_EEEC2EmmS5_
FN:339,_ZNSt3__114__split_bufferIN11GrammarRule6SymbolERNS_9allocatorIS2_EEED1Ev
FN:339,_ZNSt3__114__split_bufferIN11GrammarRule6SymbolERNS_9allocatorIS2_EEED2Ev
FNDA:235,_ZNSt3__114__split_bufferIN11GrammarRule6SymbolERNS_9allocatorIS2_EEE7__allocEv
FNDA:246,_ZNSt3__114__split_bufferIN11GrammarRule6SymbolERNS_9allocatorIS2_EEE9__end_capEv
FNDA:43,_ZNKSt3__114__split_bufferIN11GrammarRule6SymbolERNS_9allocatorIS2_EEE9__end_capEv
FNDA:123,_ZNSt3__114__split_bufferIN11GrammarRule6SymbolERNS_9allocatorIS2_EEE5clearEv
FNDA:43,_ZNKSt3__114__split_bufferIN11GrammarRule6SymbolERNS_9allocatorIS2_EEE8capacityEv
FNDA:123,_ZNSt3__114__split_bufferIN11GrammarRule6SymbolERNS_9allocatorIS2_EEE17__destruct_at_endEPS2_
FNDA:123,_ZNSt3__114__split_bufferIN11GrammarRule6SymbolERNS_9allocatorIS2_EEE17__destruct_at_endEPS2_NS_17integral_constantIbLb0EEE
FNDA:123,_ZNSt3__114__split_bufferIN11GrammarRule6SymbolERNS_9allocatorIS2_EEEC1EmmS5_
FNDA:123,_ZNSt3__114__split_bufferIN11GrammarRule6SymbolERNS_9allocatorIS2_EEEC2EmmS5_
FNDA:123,_ZNSt3__114__split_bufferIN11GrammarRule6SymbolERNS_9allocatorIS2_EEED1Ev
FNDA:123,_ZNSt3__114__split_bufferIN11GrammarRule6SymbolERNS_9allocatorIS2_EEED2Ev
FNF:11
FNH:11
DA:56,235
DA:58,246
DA:59,43
DA:88,123
DA:91,43
DA:141,123
DA:295,384
DA:296,69
DA:297,123
DA:309,123
DA:310,246
DA:311,369
DA:312,123
DA:313,123
DA:314,246
DA:340,123
DA:341,123
DA:342,123
DA:343,86
DA:344,246
LF:20
LH:20
end_of_record
SF:/Library/Developer/CommandLineTools/usr/include/c++/v1/__string
FN:217,_ZNSt3__111char_traitsIcE6lengthEPKc
FN:234,_ZNSt3__111char_traitsIcE11to_int_typeEc
FN:244,_ZNSt3__111char_traitsIcE7compareEPKcS3_m
FN:266,_ZNSt3__111char_traitsIcE4findEPKcmRS2_
FN:652,_ZNSt3__118__search_substringIcNS_11char_traitsIcEEEEPKT_S5_S5_S5_S5_
FN:691,_ZNSt3__1L10__str_findIcmNS_11char_traitsIcEELm18446744073709551615EEET0_PKT_S3_S6_S3_S3_
FNDA:0,_ZNSt3__111char_traitsIcE6lengthEPKc
FNDA:254,_ZNSt3__111char_traitsIcE11to_int_typeEc
FNDA:172,_ZNSt3__111char_traitsIcE7compareEPKcS3_m
FNDA:172,_ZNSt3__111char_traitsIcE4findEPKcmRS2_
FNDA:172,_ZNSt3__118__search_substringIcNS_11char_traitsIcEEEEPKT_S5_S5_S5_S5_
FNDA:172,_ZNSt3__1L10__str_findIcmNS_11char_traitsIcEELm18446744073709551615EEET0_PKT_S3_S6_S3_S3_
FNF:6
FNH:5
DA:217,0
DA:235,254
DA:246,172
DA:247,0
DA:249,172
DA:262,172
DA:268,172
DA:269,0
DA:271,172
DA:283,172
DA:656,172
DA:657,172
DA:658,0
DA:660,172
DA:661,172
DA:662,0
DA:665,172
DA:666,172
DA:667,172
DA:669,172
DA:670,0
DA:673,172
DA:674,172
DA:675,0
DA:682,172
DA:683,172
DA:685,0
DA:687,172
DA:694,172
DA:695,0
DA:697,172
DA:698,0
DA:700,344
DA:701,172
DA:703,172
DA:704,0
DA:705,172
DA:706,172
LF:38
LH:27
end_of_record
SF:/Library/Developer/CommandLineTools/usr/include/c++/v1/algorithm
FN:684,_ZNKSt3__110__equal_toIN11GrammarRule6SymbolES2_EclERKS2_S5_
FN:721,_ZNKSt3__16__lessImmEclERKmS3_
FN:1324,_ZNSt3__1L5equalINS_11__wrap_iterIPKN11GrammarRule6SymbolEEES6_NS_10__equal_toIS3_S3_EEEEbT_S9_T0_T1_
FN:1335,_ZNSt3__1L5equalINS_11__wrap_iterIPKN11GrammarRule6SymbolEEES6_EEbT_S7_T0_
FN:1691,_ZNSt3__1L13__unwrap_iterIPN11GrammarRule6SymbolEEET_S4_
FN:1756,_ZNSt3__1L6__copyIN11GrammarRule6SymbolES2_EENS_9enable_ifIXaasr7is_sameINS_12remove_constIT_E4typeET0_EE5valuesr28is_trivially_copy_assignableIS8_EE5valueEPS8_E4typeEPS5_SC_S9_
FN:1767,_ZNSt3__1L4copyIPN11GrammarRule6SymbolES3_EET0_T_S5_S4_
FN:2560,_ZNSt3__1L3minImNS_6__lessImmEEEERKT_S5_S5_T0_
FN:2568,_ZNSt3__1L3minImEERKT_S3_S3_
FN:2625,_ZNSt3__1L3maxImNS_6__lessImmEEEERKT_S5_S5_T0_
FN:2633,_ZNSt3__1L3maxImEERKT_S3_S3_
FNDA:35,_ZNKSt3__110__equal_toIN11GrammarRule6SymbolES2_EclERKS2_S5_
FNDA:75305,_ZNKSt3__16__lessImmEclERKmS3_
FNDA:35,_ZNSt3__1L5equalINS_11__wrap_iterIPKN11GrammarRule6SymbolEEES6_NS_10__equal_toIS3_S3_EEEEbT_S9_T0_T1_
FNDA:35,_ZNSt3__1L5equalINS_11__wrap_iterIPKN11GrammarRule6SymbolEEES6_EEbT_S7_T0_
FNDA:606,_ZNSt3__1L13__unwrap_iterIPN11GrammarRule6SymbolEEET_S4_
FNDA:202,_ZNSt3__1L6__copyIN11GrammarRule6SymbolES2_EENS_9enable_ifIXaasr7is_sameINS_12remove_constIT_E4typeET0_EE5valuesr28is_trivially_copy_assignableIS8_EE5valueEPS8_E4typeEPS5_SC_S9_
FNDA:202,_ZNSt3__1L4copyIPN11GrammarRule6SymbolES3_EET0_T_S5_S4_
FNDA:75102,_ZNSt3__1L3minImNS_6__lessImmEEEERKT_S5_S5_T0_
FNDA:75102,_ZNSt3__1L3minImEERKT_S3_S3_
FNDA:203,_ZNSt3__1L3maxImNS_6__lessImmEEEERKT_S5_S5_T0_
FNDA:203,_ZNSt3__1L3maxImEERKT_S3_S3_
FNF:11
FNH:11
DA:684,35
DA:721,75305
DA:1326,140
DA:1327,70
DA:1328,0
DA:1329,35
DA:1330,35
DA:1339,35
DA:1693,606
DA:1758,202
DA:1759,202
DA:1760,164
DA:1761,202
DA:1769,202
DA:2562,225306
DA:2570,75102
DA:2627,609
DA:2635,203
LF:18
LH:17
end_of_record
SF:/Library/Developer/CommandLineTools/usr/include/c++/v1/iterator
FN:554,_ZNSt3__1L9__advanceIPN11GrammarRule6SymbolEEEvRT_NS_15iterator_traitsIS4_E15difference_typeENS_26random_access_iterator_tagE
FN:562,_ZNSt3__1L7advanceIPN11GrammarRule6SymbolEEEvRT_NS_15iterator_traitsIS4_E15difference_typeE
FN:582,_ZNSt3__1L10__distanceIPN11GrammarRule6SymbolEEENS_15iterator_traitsIT_E15difference_typeES5_S5_NS_26random_access_iterator_tagE
FN:590,_ZNSt3__1L8distanceIPN11GrammarRule6SymbolEEENS_15iterator_traitsIT_E15difference_typeES5_S5_
FN:1350,_ZNKSt3__111__wrap_iterIPKcEdeEv
FN:1350,_ZNKSt3__111__wrap_iterIPKN11GrammarRule6SymbolEEdeEv
FN:1366,_ZNSt3__111__wrap_iterIPKN11GrammarRule6SymbolEEppEv
FN:1366,_ZNSt3__111__wrap_iterIPKcEppEv
FN:1413,_ZNKSt3__111__wrap_iterIPKN11GrammarRule6SymbolEE4baseEv
FN:1413,_ZNKSt3__111__wrap_iterIPKcE4baseEv
FN:1422,_ZNSt3__111__wrap_iterIPKN11GrammarRule6SymbolEEC1ES4_
FN:1422,_ZNSt3__111__wrap_iterIPKcEC1ES2_
FN:1422,_ZNSt3__111__wrap_iterIPKN11GrammarRule6SymbolEEC2ES4_
FN:1422,_ZNSt3__111__wrap_iterIPKcEC2ES2_
FN:1507,_ZNSt3__1eqIPKN11GrammarRule6SymbolES4_EEbRKNS_11__wrap_iterIT_EERKNS5_IT0_EE
FN:1507,_ZNSt3__1eqIPKcS2_EEbRKNS_11__wrap_iterIT_EERKNS3_IT0_EE
FN:1559,_ZNSt3__1neIPKN11GrammarRule6SymbolEEEbRKNS_11__wrap_iterIT_EES9_
FN:1559,_ZNSt3__1neIPKcEEbRKNS_11__wrap_iterIT_EES7_
FNDA:0,_ZNSt3__1L9__advanceIPN11GrammarRule6SymbolEEEvRT_NS_15iterator_traitsIS4_E15difference_typeENS_26random_access_iterator_tagE
FNDA:0,_ZNSt3__1L7advanceIPN11GrammarRule6SymbolEEEvRT_NS_15iterator_traitsIS4_E15difference_typeE
FNDA:282,_ZNSt3__1L10__distanceIPN11GrammarRule6SymbolEEENS_15iterator_traitsIT_E15difference_typeES5_S5_NS_26random_access_iterator_tagE
FNDA:282,_ZNSt3__1L8distanceIPN11GrammarRule6SymbolEEENS_15iterator_traitsIT_E15difference_typeES5_S5_
FNDA:135,_ZNKSt3__111__wrap_iterIPKcEdeEv
FNDA:70,_ZNKSt3__111__wrap_iterIPKN11GrammarRule6SymbolEEdeEv
FNDA:135,_ZNSt3__111__wrap_iterIPKcEppEv
FNDA:70,_ZNSt3__111__wrap_iterIPKN11GrammarRule6SymbolEEppEv
FNDA:442,_ZNKSt3__111__wrap_iterIPKcE4baseEv
FNDA:140,_ZNKSt3__111__wrap_iterIPKN11GrammarRule6SymbolEE4baseEv
FNDA:172,_ZNSt3__111__wrap_iterIPKcEC1ES2_
FNDA:172,_ZNSt3__111__wrap_iterIPKcEC2ES2_
FNDA:105,_ZNSt3__111__wrap_iterIPKN11GrammarRule6SymbolEEC1ES4_
FNDA:105,_ZNSt3__111__wrap_iterIPKN11GrammarRule6SymbolEEC2ES4_
FNDA:221,_ZNSt3__1eqIPKcS2_EEbRKNS_11__wrap_iterIT_EERKNS3_IT0_EE
FNDA:70,_ZNSt3__1eqIPKN11GrammarRule6SymbolES4_EEbRKNS_11__wrap_iterIT_EERKNS5_IT0_EE
FNDA:221,_ZNSt3__1neIPKcEEbRKNS_11__wrap_iterIT_EES7_
FNDA:70,_ZNSt3__1neIPKN11GrammarRule6SymbolEEEbRKNS_11__wrap_iterIT_EES9_
FNF:18
FNH:16
DA:557,0
DA:558,0
DA:565,0
DA:566,0
DA:584,282
DA:592,282
DA:1356,205
DA:1372,205
DA:1373,205
DA:1413,582
DA:1422,554
DA:1509,291
DA:1561,291
LF:13
LH:9
end_of_record
SF:/Library/Developer/CommandLineTools/usr/include/c++/v1/limits
FN:213,_ZNSt3__123__libcpp_numeric_limitsIlLb1EE3maxEv
FN:450,_ZNSt3__114numeric_limitsIlE3maxEv
FNDA:0,_ZNSt3__123__libcpp_numeric_limitsIlLb1EE3maxEv
FNDA:0,_ZNSt3__114numeric_limitsIlE3maxEv
FNF:2
FNH:0
DA:213,0
DA:450,0
LF:2
LH:0
end_of_record
SF:/Library/Developer/CommandLineTools/usr/include/c++/v1/memory
FN:987,_ZNSt3__114pointer_traitsIPKcE10pointer_toERS1_
FN:1105,_ZNSt3__1L16__to_raw_pointerIKcEEPT_S3_
FN:1105,_ZNSt3__1L16__to_raw_pointerIN11GrammarRule6SymbolEEEPT_S4_
FN:1545,_ZNSt3__116allocator_traitsINS_9allocatorIN11GrammarRule6SymbolEEEE8allocateERS4_m
FN:1553,_ZNSt3__116allocator_traitsINS_9allocatorIN11GrammarRule6SymbolEEEE10deallocateERS4_PS3_m
FN:1559,_ZNSt3__116allocator_traitsINS_9allocatorIN11GrammarRule6SymbolEEEE9constructIS3_JRKcEEEvRS4_PT_DpOT0_
FN:1594,_ZNSt3__116allocator_traitsINS_9allocatorIN11GrammarRule6SymbolEEEE7destroyIS3_EEvRS4_PT_
FN:1598,_ZNSt3__116allocator_traitsINS_9allocatorIN11GrammarRule6SymbolEEEE8max_sizeERKS4_
FN:1661,_ZNSt3__116allocator_traitsINS_9allocatorIN11GrammarRule6SymbolEEEE25__construct_range_forwardIS3_S3_S3_S3_EENS_9enable_ifIXaaaasr31is_trivially_move_constructibleIT0_EE5valuesr7is_sameIT1_T2_EE5valueooL_ZNS_17integral_constantIbLb1EE5valueEEntsr15__has_constructIS4_PS8_RT_EE5valueEvE4typeERS4_PSE_SJ_RSD_
FN:1694,_ZNSt3__116allocator_traitsINS_9allocatorIN11GrammarRule6SymbolEEEE20__construct_backwardIS3_EENS_9enable_ifIXaaooL_ZNS_17integral_constantIbLb1EE5valueEEntsr15__has_constructIS4_PT_SA_EE5valuesr31is_trivially_move_constructibleISA_EE5valueEvE4typeERS4_SB_SB_RSB_
FN:1716,_ZNSt3__116allocator_traitsINS_9allocatorIN11GrammarRule6SymbolEEEE11__constructIS3_JRKcEEEvNS_17integral_constantIbLb1EEERS4_PT_DpOT0_
FN:1741,_ZNSt3__116allocator_traitsINS_9allocatorIN11GrammarRule6SymbolEEEE9__destroyIS3_EEvNS_17integral_constantIbLb1EEERS4_PT_
FN:1751,_ZNSt3__116allocator_traitsINS_9allocatorIN11GrammarRule6SymbolEEEE10__max_sizeENS_17integral_constantIbLb1EEERKS4_
FN:1797,_ZNSt3__19allocatorIN11GrammarRule6SymbolEEC2Ev
FN:1797,_ZNSt3__19allocatorIcEC2Ev
FN:1808,_ZNSt3__19allocatorIN11GrammarRule6SymbolEE8allocateEmPKv
FN:1815,_ZNSt3__19allocatorIN11GrammarRule6SymbolEE10deallocateEPS2_m
FN:1817,_ZNKSt3__19allocatorIN11GrammarRule6SymbolEE8max_sizeEv
FN:1823,_ZNSt3__19allocatorIN11GrammarRule6SymbolEE9constructIS2_JRKcEEEvPT_DpOT0_
FN:1880,_ZNSt3__19allocatorIN11GrammarRule6SymbolEE7destroyEPS2_
FN:2139,_ZNSt3__122__compressed_pair_elemINS_12basic_stringIcNS_11char_traitsIcEENS_9allocatorIcEEE5__repELi0ELb0EEC2Ev
FN:2146,_ZNSt3__122__compressed_pair_elemIPN11GrammarRule6SymbolELi0ELb0EEC2IDnvEEOT_
FN:2146,_ZNSt3__122__compressed_pair_elemIRNS_9allocatorIN11GrammarRule6SymbolEEELi1ELb0EEC2IS5_vEEOT_
FN:2160,_ZNSt3__122__compressed_pair_elemIRNS_9allocatorIN11GrammarRule6SymbolEEELi1ELb0EE5__getEv
FN:2160,_ZNSt3__122__compressed_pair_elemIPN11GrammarRule6SymbolELi0ELb0EE5__getEv
FN:2162,_ZNKSt3__122__compressed_pair_elemINS_12basic_stringIcNS_11char_traitsIcEENS_9allocatorIcEEE5__repELi0ELb0EE5__getEv
FN:2162,_ZNKSt3__122__compressed_pair_elemIPN11GrammarRule6SymbolELi0ELb0EE5__getEv
FN:2176,_ZNSt3__122__compressed_pair_elemINS_9allocatorIcEELi1ELb1EEC2Ev
FN:2176,_ZNSt3__122__compressed_pair_elemINS_9allocatorIN11GrammarRule6SymbolEEELi1ELb1EEC2Ev
FN:2198,_ZNSt3__122__compressed_pair_elemINS_9allocatorIN11GrammarRule6SymbolEEELi1ELb1EE5__getEv
FN:2200,_ZNKSt3__122__compressed_pair_elemINS_9allocatorIN11GrammarRule6SymbolEEELi1ELb1EE5__getEv
FN:2200,_ZNKSt3__122__compressed_pair_elemINS_9allocatorIcEELi1ELb1EE5__getEv
FN:2230,_ZNSt3__117__compressed_pairINS_12basic_stringIcNS_11char_traitsIcEENS_9allocatorIcEEE5__repES5_EC1ILb1EvEEv
FN:2230,_ZNSt3__117__compressed_pairINS_12basic_stringIcNS_11char_traitsIcEENS_9allocatorIcEEE5__repES5_EC2ILb1EvEEv
FN:2236,_ZNSt3__117__compressed_pairIPN11GrammarRule6SymbolENS_9allocatorIS2_EEEC2IDnLb1EEEOT_
FN:2236,_ZNSt3__117__compressed_pairIPN11GrammarRule6SymbolENS_9allocatorIS2_EEEC1IDnLb1EEEOT_
FN:2246,_ZNSt3__117__compressed_pairIPN11GrammarRule6SymbolERNS_9allocatorIS2_EEEC2IDnS6_EEOT_OT0_
FN:2246,_ZNSt3__117__compressed_pairIPN11GrammarRule6SymbolERNS_9allocatorIS2_EEEC1IDnS6_EEOT_OT0_
FN:2275,_ZNSt3__117__compressed_pairIPN11GrammarRule6SymbolERNS_9allocatorIS2_EEE5firstEv
FN:2275,_ZNSt3__117__compressed_pairIPN11GrammarRule6SymbolENS_9allocatorIS2_EEE5firstEv
FN:2280,_ZNKSt3__117__compressed_pairINS_12basic_stringIcNS_11char_traitsIcEENS_9allocatorIcEEE5__repES5_E5firstEv
FN:2280,_ZNKSt3__117__compressed_pairIPN11GrammarRule6SymbolENS_9allocatorIS2_EEE5firstEv
FN:2280,_ZNKSt3__117__compressed_pairIPN11GrammarRule6SymbolERNS_9allocatorIS2_EEE5firstEv
FN:2285,_ZNSt3__117__compressed_pairIPN11GrammarRule6SymbolENS_9allocatorIS2_EEE6secondEv
FN:2285,_ZNSt3__117__compressed_pairIPN11GrammarRule6SymbolERNS_9allocatorIS2_EEE6secondEv
FN:2290,_ZNKSt3__117__compressed_pairIPN11GrammarRule6SymbolENS_9allocatorIS2_EEE6secondEv
FN:2290,_ZNKSt3__117__compressed_pairINS_12basic_stringIcNS_11char_traitsIcEENS_9allocatorIcEEE5__repES5_E6secondEv
FNDA:602,_ZNSt3__114pointer_traitsIPKcE10pointer_toERS1_
FNDA:1996,_ZNSt3__1L16__to_raw_pointerIN11GrammarRule6SymbolEEEPT_S4_
FNDA:430,_ZNSt3__1L16__to_raw_pointerIKcEEPT_S3_
FNDA:123,_ZNSt3__116allocator_traitsINS_9allocatorIN11GrammarRule6SymbolEEEE8allocateERS4_m
FNDA:43,_ZNSt3__116allocator_traitsINS_9allocatorIN11GrammarRule6SymbolEEEE10deallocateERS4_PS3_m
FNDA:135,_ZNSt3__116allocator_traitsINS_9allocatorIN11GrammarRule6SymbolEEEE9constructIS3_JRKcEEEvRS4_PT_DpOT0_
FNDA:69,_ZNSt3__116allocator_traitsINS_9allocatorIN11GrammarRule6SymbolEEEE7destroyIS3_EEvRS4_PT_
FNDA:0,_ZNSt3__116allocator_traitsINS_9allocatorIN11GrammarRule6SymbolEEEE8max_sizeERKS4_
FNDA:0,_ZNSt3__116allocator_traitsINS_9allocatorIN11GrammarRule6SymbolEEEE25__construct_range_forwardIS3_S3_S3_S3_EENS_9enable_ifIXaaaasr31is_trivially_move_constructibleIT0_EE5valuesr7is_sameIT1_T2_EE5valueooL_ZNS_17integral_constantIbLb1EE5valueEEntsr15__has_constructIS4_PS8_RT_EE5valueEvE4typeERS4_PSE_SJ_RSD_
FNDA:123,_ZNSt3__116allocator_traitsINS_9allocatorIN11GrammarRule6SymbolEEEE20__construct_backwardIS3_EENS_9enable_ifIXaaooL_ZNS_17integral_constantIbLb1EE5valueEEntsr15__has_constructIS4_PT_SA_EE5valuesr31is_trivially_move_constructibleISA_EE5valueEvE4typeERS4_SB_SB_RSB_
FNDA:135,_ZNSt3__116allocator_traitsINS_9allocatorIN11GrammarRule6SymbolEEEE11__constructIS3_JRKcEEEvNS_17integral_constantIbLb1EEERS4_PT_DpOT0_
FNDA:69,_ZNSt3__116allocator_traitsINS_9allocatorIN11GrammarRule6SymbolEEEE9__destroyIS3_EEvNS_17integral_constantIbLb1EEERS4_PT_
FNDA:0,_ZNSt3__116allocator_traitsINS_9allocatorIN11GrammarRule6SymbolEEEE10__max_sizeENS_17integral_constantIbLb1EEERKS4_
FNDA:1,_ZNSt3__19allocatorIcEC2Ev
FNDA:172,_ZNSt3__19allocatorIN11GrammarRule6SymbolEEC2Ev
FNDA:123,_ZNSt3__19allocatorIN11GrammarRule6SymbolEE8allocateEmPKv
FNDA:43,_ZNSt3__19allocatorIN11GrammarRule6SymbolEE10deallocateEPS2_m
FNDA:123,_ZNKSt3__19allocatorIN11GrammarRule6SymbolEE8max_sizeEv
FNDA:135,_ZNSt3__19allocatorIN11GrammarRule6SymbolEE9constructIS2_JRKcEEEvPT_DpOT0_
FNDA:69,_ZNSt3__19allocatorIN11GrammarRule6SymbolEE7destroyEPS2_
FNDA:1,_ZNSt3__122__compressed_pair_elemINS_12basic_stringIcNS_11char_traitsIcEENS_9allocatorIcEEE5__repELi0ELb0EEC2Ev
FNDA:295,_ZNSt3__122__compressed_pair_elemIPN11GrammarRule6SymbolELi0ELb0EEC2IDnvEEOT_
FNDA:123,_ZNSt3__122__compressed_pair_elemIRNS_9allocatorIN11GrammarRule6SymbolEEELi1ELb0EEC2IS5_vEEOT_
FNDA:504,_ZNSt3__122__compressed_pair_elemIPN11GrammarRule6SymbolELi0ELb0EE5__getEv
FNDA:235,_ZNSt3__122__compressed_pair_elemIRNS_9allocatorIN11GrammarRule6SymbolEEELi1ELb0EE5__getEv
FNDA:1222,_ZNKSt3__122__compressed_pair_elemIPN11GrammarRule6SymbolELi0ELb0EE5__getEv
FNDA:2580,_ZNKSt3__122__compressed_pair_elemINS_12basic_stringIcNS_11char_traitsIcEENS_9allocatorIcEEE5__repELi0ELb0EE5__getEv
FNDA:1,_ZNSt3__122__compressed_pair_elemINS_9allocatorIcEELi1ELb1EEC2Ev
FNDA:172,_ZNSt3__122__compressed_pair_elemINS_9allocatorIN11GrammarRule6SymbolEEELi1ELb1EEC2Ev
FNDA:258,_ZNSt3__122__compressed_pair_elemINS_9allocatorIN11GrammarRule6SymbolEEELi1ELb1EE5__getEv
FNDA:0,_ZNKSt3__122__compressed_pair_elemINS_9allocatorIN11GrammarRule6SymbolEEELi1ELb1EE5__getEv
FNDA:172,_ZNKSt3__122__compressed_pair_elemINS_9allocatorIcEELi1ELb1EE5__getEv
FNDA:1,_ZNSt3__117__compressed_pairINS_12basic_stringIcNS_11char_traitsIcEENS_9allocatorIcEEE5__repES5_EC1ILb1EvEEv
FNDA:1,_ZNSt3__117__compressed_pairINS_12basic_stringIcNS_11char_traitsIcEENS_9allocatorIcEEE5__repES5_EC2ILb1EvEEv
FNDA:172,_ZNSt3__117__compressed_pairIPN11GrammarRule6SymbolENS_9allocatorIS2_EEEC1IDnLb1EEEOT_
FNDA:172,_ZNSt3__117__compressed_pairIPN11GrammarRule6SymbolENS_9allocatorIS2_EEEC2IDnLb1EEEOT_
FNDA:123,_ZNSt3__117__compressed_pairIPN11GrammarRule6SymbolERNS_9allocatorIS2_EEEC1IDnS6_EEOT_OT0_
FNDA:123,_ZNSt3__117__compressed_pairIPN11GrammarRule6SymbolERNS_9allocatorIS2_EEEC2IDnS6_EEOT_OT0_
FNDA:258,_ZNSt3__117__compressed_pairIPN11GrammarRule6SymbolENS_9allocatorIS2_EEE5firstEv
FNDA:246,_ZNSt3__117__compressed_pairIPN11GrammarRule6SymbolERNS_9allocatorIS2_EEE5firstEv
FNDA:1179,_ZNKSt3__117__compressed_pairIPN11GrammarRule6SymbolENS_9allocatorIS2_EEE5firstEv
FNDA:2580,_ZNKSt3__117__compressed_pairINS_12basic_stringIcNS_11char_traitsIcEENS_9allocatorIcEEE5__repES5_E5firstEv
FNDA:43,_ZNKSt3__117__compressed_pairIPN11GrammarRule6SymbolERNS_9allocatorIS2_EEE5firstEv
FNDA:258,_ZNSt3__117__compressed_pairIPN11GrammarRule6SymbolENS_9allocatorIS2_EEE6secondEv
FNDA:235,_ZNSt3__117__compressed_pairIPN11GrammarRule6SymbolERNS_9allocatorIS2_EEE6secondEv
FNDA:0,_ZNKSt3__117__compressed_pairIPN11GrammarRule6SymbolENS_9allocatorIS2_EEE6secondEv
FNDA:172,_ZNKSt3__117__compressed_pairINS_12basic_stringIcNS_11char_traitsIcEENS_9allocatorIcEEE5__repES5_E6secondEv
FNF:47
FNH:42
DA:989,602
DA:1107,2426
DA:1546,123
DA:1554,43
DA:1560,270
DA:1561,270
DA:1595,69
DA:1599,0
DA:1663,0
DA:1664,0
DA:1666,0
DA:1667,0
DA:1668,0
DA:1669,0
DA:1696,123
DA:1697,123
DA:1698,123
DA:1699,43
DA:1700,123
DA:1717,135
DA:1742,69
DA:1752,0
DA:1797,173
DA:1810,123
DA:1811,0
DA:1813,123
DA:1816,86
DA:1818,123
DA:1825,135
DA:1826,135
DA:1880,69
DA:2139,1
DA:2147,418
DA:2160,739
DA:2162,3802
DA:2176,173
DA:2198,258
DA:2200,172
DA:2230,2
DA:2237,344
DA:2247,246
DA:2276,504
DA:2281,3802
DA:2286,493
DA:2291,172
LF:45
LH:36
end_of_record
SF:/Library/Developer/CommandLineTools/usr/include/c++/v1/new
FN:228,_ZNSt3__1L24__is_overaligned_for_newEm
FN:236,_ZNSt3__1L17__libcpp_allocateEmm
FN:256,_ZNSt3__1L19__libcpp_deallocateEPvm
FNDA:166,_ZNSt3__1L24__is_overaligned_for_newEm
FNDA:123,_ZNSt3__1L17__libcpp_allocateEmm
FNDA:43,_ZNSt3__1L19__libcpp_deallocateEPvm
FNF:3
FNH:3
DA:230,166
DA:238,123
DA:239,0
DA:243,0
DA:252,123
DA:254,123
DA:258,43
DA:259,0
DA:263,0
DA:272,43
DA:274,43
LF:11
LH:7
end_of_record
SF:/Library/Developer/CommandLineTools/usr/include/c++/v1/stdexcept
FN:126,_ZNSt16invalid_argumentC2EPKc
FN:126,_ZNSt16invalid_argumentC1EPKc
FN:136,_ZNSt12length_errorC2EPKc
FN:136,_ZNSt12length_errorC1EPKc
FN:222,_ZNSt3__1L20__throw_length_errorEPKc
FNDA:0,_ZNSt16invalid_argumentC1EPKc
FNDA:0,_ZNSt16invalid_argumentC2EPKc
FNDA:0,_ZNSt12length_errorC1EPKc
FNDA:0,_ZNSt12length_errorC2EPKc
FNDA:0,_ZNSt3__1L20__throw_length_errorEPKc
FNF:5
FNH:0
DA:126,0
DA:136,0
DA:225,0
DA:230,0
LF:4
LH:0
end_of_record
SF:/Library/Developer/CommandLineTools/usr/include/c++/v1/string
FN:811,_ZNSt3__112basic_stringIcNS_11char_traitsIcEENS_9allocatorIcEEEC1IDnEEPKc
FN:811,_ZNSt3__112basic_stringIcNS_11char_traitsIcEENS_9allocatorIcEEEC2IDnEEPKc
FN:905,_ZNKSt3__112basic_stringIcNS_11char_traitsIcEENS_9allocatorIcEEE5beginEv
FN:911,_ZNKSt3__112basic_stringIcNS_11char_traitsIcEENS_9allocatorIcEEE3endEv
FN:940,_ZNKSt3__112basic_stringIcNS_11char_traitsIcEENS_9allocatorIcEEE4sizeEv
FN:957,_ZNKSt3__112basic_stringIcNS_11char_traitsIcEENS_9allocatorIcEEE5emptyEv
FN:1228,_ZNKSt3__112basic_stringIcNS_11char_traitsIcEENS_9allocatorIcEEE4dataEv
FN:1405,_ZNKSt3__112basic_stringIcNS_11char_traitsIcEENS_9allocatorIcEEE9__is_longEv
FN:1422,_ZNKSt3__112basic_stringIcNS_11char_traitsIcEENS_9allocatorIcEEE7__allocEv
FN:1454,_ZNKSt3__112basic_stringIcNS_11char_traitsIcEENS_9allocatorIcEEE16__get_short_sizeEv
FN:1467,_ZNKSt3__112basic_stringIcNS_11char_traitsIcEENS_9allocatorIcEEE15__get_long_sizeEv
FN:1487,_ZNKSt3__112basic_stringIcNS_11char_traitsIcEENS_9allocatorIcEEE18__get_long_pointerEv
FN:1493,_ZNKSt3__112basic_stringIcNS_11char_traitsIcEENS_9allocatorIcEEE19__get_short_pointerEv
FN:1499,_ZNKSt3__112basic_stringIcNS_11char_traitsIcEENS_9allocatorIcEEE13__get_pointerEv
FN:3152,_ZNKSt3__112basic_stringIcNS_11char_traitsIcEENS_9allocatorIcEEEixEm
FN:3236,_ZNKSt3__112basic_stringIcNS_11char_traitsIcEENS_9allocatorIcEEE6substrEmm
FN:3292,_ZNKSt3__112basic_stringIcNS_11char_traitsIcEENS_9allocatorIcEEE4findERKS5_m
FNDA:1,_ZNSt3__112basic_stringIcNS_11char_traitsIcEENS_9allocatorIcEEEC1IDnEEPKc
FNDA:1,_ZNSt3__112basic_stringIcNS_11char_traitsIcEENS_9allocatorIcEEEC2IDnEEPKc
FNDA:86,_ZNKSt3__112basic_stringIcNS_11char_traitsIcEENS_9allocatorIcEEE5beginEv
FNDA:86,_ZNKSt3__112basic_stringIcNS_11char_traitsIcEENS_9allocatorIcEEE3endEv
FNDA:688,_ZNKSt3__112basic_stringIcNS_11char_traitsIcEENS_9allocatorIcEEE4sizeEv
FNDA:86,_ZNKSt3__112basic_stringIcNS_11char_traitsIcEENS_9allocatorIcEEE5emptyEv
FNDA:430,_ZNKSt3__112basic_stringIcNS_11char_traitsIcEENS_9allocatorIcEEE4dataEv
FNDA:1290,_ZNKSt3__112basic_stringIcNS_11char_traitsIcEENS_9allocatorIcEEE9__is_longEv
FNDA:172,_ZNKSt3__112basic_stringIcNS_11char_traitsIcEENS_9allocatorIcEEE7__allocEv
FNDA:688,_ZNKSt3__112basic_stringIcNS_11char_traitsIcEENS_9allocatorIcEEE16__get_short_sizeEv
FNDA:0,_ZNKSt3__112basic_stringIcNS_11char_traitsIcEENS_9allocatorIcEEE15__get_long_sizeEv
FNDA:0,_ZNKSt3__112basic_stringIcNS_11char_traitsIcEENS_9allocatorIcEEE18__get_long_pointerEv
FNDA:602,_ZNKSt3__112basic_stringIcNS_11char_traitsIcEENS_9allocatorIcEEE19__get_short_pointerEv
FNDA:602,_ZNKSt3__112basic_stringIcNS_11char_traitsIcEENS_9allocatorIcEEE13__get_pointerEv
FNDA:86,_ZNKSt3__112basic_stringIcNS_11char_traitsIcEENS_9allocatorIcEEEixEm
FNDA:172,_ZNKSt3__112basic_stringIcNS_11char_traitsIcEENS_9allocatorIcEEE6substrEmm
FNDA:172,_ZNKSt3__112basic_stringIcNS_11char_traitsIcEENS_9allocatorIcEEE4findERKS5_m
FNF:17
FNH:15
DA:811,2
DA:813,1
DA:817,2
DA:906,86
DA:912,86
DA:941,2064
DA:957,86
DA:1228,430
DA:1406,1290
DA:1423,172
DA:1458,688
DA:1468,0
DA:1488,0
DA:1494,602
DA:1500,1806
DA:3155,86
DA:3238,172
DA:3295,172
DA:3296,172
LF:19
LH:17
end_of_record
SF:/Library/Developer/CommandLineTools/usr/include/c++/v1/type_traits
FN:449,_ZNSt3__1L9addressofIKcEEPT_RS2_
FN:2288,_ZNSt3__1L4moveIRPN11GrammarRule6SymbolEEEONS_16remove_referenceIT_E4typeEOS6_
FN:2297,_ZNSt3__1L7forwardIDnEEOT_RNS_16remove_referenceIS1_E4typeE
FN:2297,_ZNSt3__1L7forwardIRNS_9allocatorIN11GrammarRule6SymbolEEEEEOT_RNS_16remove_referenceIS6_E4typeE
FN:2297,_ZNSt3__1L7forwardIRKcEEOT_RNS_16remove_referenceIS3_E4typeE
FN:4501,_ZNSt3__1L4swapIPN11GrammarRule6SymbolEEENS_9enable_ifIXaasr21is_move_constructibleIT_EE5valuesr18is_move_assignableIS5_EE5valueEvE4typeERS5_S8_
FNDA:602,_ZNSt3__1L9addressofIKcEEPT_RS2_
FNDA:1107,_ZNSt3__1L4moveIRPN11GrammarRule6SymbolEEEONS_16remove_referenceIT_E4typeEOS6_
FNDA:590,_ZNSt3__1L7forwardIDnEEOT_RNS_16remove_referenceIS1_E4typeE
FNDA:663,_ZNSt3__1L7forwardIRKcEEOT_RNS_16remove_referenceIS3_E4typeE
FNDA:246,_ZNSt3__1L7forwardIRNS_9allocatorIN11GrammarRule6SymbolEEEEEOT_RNS_16remove_referenceIS6_E4typeE
FNDA:369,_ZNSt3__1L4swapIPN11GrammarRule6SymbolEEENS_9enable_ifIXaasr21is_move_constructibleIT_EE5valuesr18is_move_assignableIS5_EE5valueEvE4typeERS5_S8_
FNF:6
FNH:6
DA:451,602
DA:2291,1107
DA:2299,1499
DA:4504,369
DA:4505,369
DA:4506,369
DA:4507,369
LF:7
LH:7
end_of_record
SF:/Library/Developer/CommandLineTools/usr/include/c++/v1/vector
FN:298,_ZNSt3__120__vector_base_commonILb1EEC2Ev
FN:342,_ZNSt3__113__vector_baseIN11GrammarRule6SymbolENS_9allocatorIS2_EEE7__allocEv
FN:345,_ZNKSt3__113__vector_baseIN11GrammarRule6SymbolENS_9allocatorIS2_EEE7__allocEv
FN:348,_ZNSt3__113__vector_baseIN11GrammarRule6SymbolENS_9allocatorIS2_EEE9__end_capEv
FN:351,_ZNKSt3__113__vector_baseIN11GrammarRule6SymbolENS_9allocatorIS2_EEE9__end_capEv
FN:364,_ZNSt3__113__vector_baseIN11GrammarRule6SymbolENS_9allocatorIS2_EEE5clearEv
FN:366,_ZNKSt3__113__vector_baseIN11GrammarRule6SymbolENS_9allocatorIS2_EEE8capacityEv
FN:373,_ZNSt3__113__vector_baseIN11GrammarRule6SymbolENS_9allocatorIS2_EEE19__copy_assign_allocERKS5_
FN:398,_ZNSt3__113__vector_baseIN11GrammarRule6SymbolENS_9allocatorIS2_EEE19__copy_assign_allocERKS5_NS_17integral_constantIbLb0EEE
FN:417,_ZNSt3__113__vector_baseIN11GrammarRule6SymbolENS_9allocatorIS2_EEE17__destruct_at_endEPS2_
FN:427,_ZNSt3__113__vector_baseIN11GrammarRule6SymbolENS_9allocatorIS2_EEEC2Ev
FN:454,_ZNSt3__113__vector_baseIN11GrammarRule6SymbolENS_9allocatorIS2_EEED2Ev
FN:464,_ZNSt3__16vectorIN11GrammarRule6SymbolENS_9allocatorIS2_EEED2Ev
FN:464,_ZNSt3__16vectorIN11GrammarRule6SymbolENS_9allocatorIS2_EEED1Ev
FN:490,_ZNSt3__16vectorIN11GrammarRule6SymbolENS_9allocatorIS2_EEEC2Ev
FN:490,_ZNSt3__16vectorIN11GrammarRule6SymbolENS_9allocatorIS2_EEEC1Ev
FN:649,_ZNKSt3__16vectorIN11GrammarRule6SymbolENS_9allocatorIS2_EEE4sizeEv
FN:652,_ZNKSt3__16vectorIN11GrammarRule6SymbolENS_9allocatorIS2_EEE8capacityEv
FN:676,_ZNSt3__16vectorIN11GrammarRule6SymbolENS_9allocatorIS2_EEE4backEv
FN:691,_ZNKSt3__16vectorIN11GrammarRule6SymbolENS_9allocatorIS2_EEE4dataEv
FN:763,_ZNSt3__16vectorIN11GrammarRule6SymbolENS_9allocatorIS2_EEE5clearEv
FN:823,_ZNSt3__16vectorIN11GrammarRule6SymbolENS_9allocatorIS2_EEE17__destruct_at_endEPS2_
FN:855,_ZNKSt3__16vectorIN11GrammarRule6SymbolENS_9allocatorIS2_EEE31__annotate_contiguous_containerEPKvS7_S7_S7_
FN:859,_ZNKSt3__16vectorIN11GrammarRule6SymbolENS_9allocatorIS2_EEE14__annotate_newEm
FN:865,_ZNKSt3__16vectorIN11GrammarRule6SymbolENS_9allocatorIS2_EEE17__annotate_deleteEv
FN:878,_ZNKSt3__16vectorIN11GrammarRule6SymbolENS_9allocatorIS2_EEE17__annotate_shrinkEm
FN:903,_ZNSt3__16vectorIN11GrammarRule6SymbolENS_9allocatorIS2_EEE24__RAII_IncreaseAnnotatorC1ERKS5_m
FN:903,_ZNSt3__16vectorIN11GrammarRule6SymbolENS_9allocatorIS2_EEE24__RAII_IncreaseAnnotatorC2ERKS5_m
FN:904,_ZNSt3__16vectorIN11GrammarRule6SymbolENS_9allocatorIS2_EEE24__RAII_IncreaseAnnotator6__doneEv
FN:928,_ZNSt3__16vectorIN11GrammarRule6SymbolENS_9allocatorIS2_EEE26__swap_out_circular_bufferERNS_14__split_bufferIS2_RS4_EE
FN:966,_ZNSt3__16vectorIN11GrammarRule6SymbolENS_9allocatorIS2_EEE11__vallocateEm
FN:977,_ZNSt3__16vectorIN11GrammarRule6SymbolENS_9allocatorIS2_EEE13__vdeallocateEv
FN:989,_ZNKSt3__16vectorIN11GrammarRule6SymbolENS_9allocatorIS2_EEE8max_sizeEv
FN:999,_ZNKSt3__16vectorIN11GrammarRule6SymbolENS_9allocatorIS2_EEE11__recommendEm
FN:1059,_ZNSt3__16vectorIN11GrammarRule6SymbolENS_9allocatorIS2_EEE18__construct_at_endIPS2_EENS_9enable_ifIXsr21__is_forward_iteratorIT_EE5valueEvE4typeES9_S9_m
FN:1387,_ZNSt3__16vectorIN11GrammarRule6SymbolENS_9allocatorIS2_EEEaSERKS5_
FN:1425,_ZNSt3__16vectorIN11GrammarRule6SymbolENS_9allocatorIS2_EEE6assignIPS2_EENS_9enable_ifIXaasr21__is_forward_iteratorIT_EE5valuesr16is_constructibleIS2_NS_15iterator_traitsIS9_E9referenceEEE5valueEvE4typeES9_S9_
FN:1490,_ZNKSt3__16vectorIN11GrammarRule6SymbolENS_9allocatorIS2_EEE11__make_iterEPKS2_
FN:1510,_ZNKSt3__16vectorIN11GrammarRule6SymbolENS_9allocatorIS2_EEE5beginEv
FN:1526,_ZNKSt3__16vectorIN11GrammarRule6SymbolENS_9allocatorIS2_EEE3endEv
FN:1543,_ZNKSt3__16vectorIN11GrammarRule6SymbolENS_9allocatorIS2_EEEixEm
FN:1658,_ZNSt3__16vectorIN11GrammarRule6SymbolENS_9allocatorIS2_EEE24__emplace_back_slow_pathIJRKcEEEvDpOT_
FN:1676,_ZNSt3__16vectorIN11GrammarRule6SymbolENS_9allocatorIS2_EEE12emplace_backIJRKcEEERS2_DpOT_
FN:2139,_ZNSt3__16vectorIN11GrammarRule6SymbolENS_9allocatorIS2_EEE26__invalidate_all_iteratorsEv
FN:2150,_ZNSt3__16vectorIN11GrammarRule6SymbolENS_9allocatorIS2_EEE27__invalidate_iterators_pastEPS2_
FN:3340,_ZNSt3__1eqIN11GrammarRule6SymbolENS_9allocatorIS2_EEEEbRKNS_6vectorIT_T0_EESA_
FNDA:172,_ZNSt3__120__vector_base_commonILb1EEC2Ev
FNDA:258,_ZNSt3__113__vector_baseIN11GrammarRule6SymbolENS_9allocatorIS2_EEE7__allocEv
FNDA:0,_ZNKSt3__113__vector_baseIN11GrammarRule6SymbolENS_9allocatorIS2_EEE7__allocEv
FNDA:258,_ZNSt3__113__vector_baseIN11GrammarRule6SymbolENS_9allocatorIS2_EEE9__end_capEv
FNDA:1179,_ZNKSt3__113__vector_baseIN11GrammarRule6SymbolENS_9allocatorIS2_EEE9__end_capEv
FNDA:0,_ZNSt3__113__vector_baseIN11GrammarRule6SymbolENS_9allocatorIS2_EEE5clearEv
FNDA:1179,_ZNKSt3__113__vector_baseIN11GrammarRule6SymbolENS_9allocatorIS2_EEE8capacityEv
FNDA:282,_ZNSt3__113__vector_baseIN11GrammarRule6SymbolENS_9allocatorIS2_EEE19__copy_assign_allocERKS5_
FNDA:282,_ZNSt3__113__vector_baseIN11GrammarRule6SymbolENS_9allocatorIS2_EEE19__copy_assign_allocERKS5_NS_17integral_constantIbLb0EEE
FNDA:202,_ZNSt3__113__vector_baseIN11GrammarRule6SymbolENS_9allocatorIS2_EEE17__destruct_at_endEPS2_
FNDA:172,_ZNSt3__113__vector_baseIN11GrammarRule6SymbolENS_9allocatorIS2_EEEC2Ev
FNDA:0,_ZNSt3__113__vector_baseIN11GrammarRule6SymbolENS_9allocatorIS2_EEED2Ev
FNDA:0,_ZNSt3__16vectorIN11GrammarRule6SymbolENS_9allocatorIS2_EEED1Ev
FNDA:0,_ZNSt3__16vectorIN11GrammarRule6SymbolENS_9allocatorIS2_EEED2Ev
FNDA:172,_ZNSt3__16vectorIN11GrammarRule6SymbolENS_9allocatorIS2_EEEC1Ev
FNDA:172,_ZNSt3__16vectorIN11GrammarRule6SymbolENS_9allocatorIS2_EEEC2Ev
FNDA:263690,_ZNKSt3__16vectorIN11GrammarRule6SymbolENS_9allocatorIS2_EEE4sizeEv
FNDA:1179,_ZNKSt3__16vectorIN11GrammarRule6SymbolENS_9allocatorIS2_EEE8capacityEv
FNDA:135,_ZNSt3__16vectorIN11GrammarRule6SymbolENS_9allocatorIS2_EEE4backEv
FNDA:1792,_ZNKSt3__16vectorIN11GrammarRule6SymbolENS_9allocatorIS2_EEE4dataEv
FNDA:0,_ZNSt3__16vectorIN11GrammarRule6SymbolENS_9allocatorIS2_EEE5clearEv
FNDA:202,_ZNSt3__16vectorIN11GrammarRule6SymbolENS_9allocatorIS2_EEE17__destruct_at_endEPS2_
FNDA:448,_ZNKSt3__16vectorIN11GrammarRule6SymbolENS_9allocatorIS2_EEE31__annotate_contiguous_containerEPKvS7_S7_S7_
FNDA:123,_ZNKSt3__16vectorIN11GrammarRule6SymbolENS_9allocatorIS2_EEE14__annotate_newEm
FNDA:123,_ZNKSt3__16vectorIN11GrammarRule6SymbolENS_9allocatorIS2_EEE17__annotate_deleteEv
FNDA:202,_ZNKSt3__16vectorIN11GrammarRule6SymbolENS_9allocatorIS2_EEE17__annotate_shrinkEm
FNDA:12,_ZNSt3__16vectorIN11GrammarRule6SymbolENS_9allocatorIS2_EEE24__RAII_IncreaseAnnotatorC1ERKS5_m
FNDA:12,_ZNSt3__16vectorIN11GrammarRule6SymbolENS_9allocatorIS2_EEE24__RAII_IncreaseAnnotatorC2ERKS5_m
FNDA:12,_ZNSt3__16vectorIN11GrammarRule6SymbolENS_9allocatorIS2_EEE24__RAII_IncreaseAnnotator6__doneEv
FNDA:123,_ZNSt3__16vectorIN11GrammarRule6SymbolENS_9allocatorIS2_EEE26__swap_out_circular_bufferERNS_14__split_bufferIS2_RS4_EE
FNDA:0,_ZNSt3__16vectorIN11GrammarRule6SymbolENS_9allocatorIS2_EEE11__vallocateEm
FNDA:80,_ZNSt3__16vectorIN11GrammarRule6SymbolENS_9allocatorIS2_EEE13__vdeallocateEv
FNDA:0,_ZNKSt3__16vectorIN11GrammarRule6SymbolENS_9allocatorIS2_EEE8max_sizeEv
FNDA:203,_ZNKSt3__16vectorIN11GrammarRule6SymbolENS_9allocatorIS2_EEE11__recommendEm
FNDA:0,_ZNSt3__16vectorIN11GrammarRule6SymbolENS_9allocatorIS2_EEE18__construct_at_endIPS2_EENS_9enable_ifIXsr21__is_forward_iteratorIT_EE5valueEvE4typeES9_S9_m
FNDA:282,_ZNSt3__16vectorIN11GrammarRule6SymbolENS_9allocatorIS2_EEEaSERKS5_
FNDA:282,_ZNSt3__16vectorIN11GrammarRule6SymbolENS_9allocatorIS2_EEE6assignIPS2_EENS_9enable_ifIXaasr21__is_forward_iteratorIT_EE5valuesr16is_constructibleIS2_NS_15iterator_traitsIS9_E9referenceEEE5valueEvE4typeES9_S9_
FNDA:105,_ZNKSt3__16vectorIN11GrammarRule6SymbolENS_9allocatorIS2_EEE11__make_iterEPKS2_
FNDA:70,_ZNKSt3__16vectorIN11GrammarRule6SymbolENS_9allocatorIS2_EEE5beginEv
FNDA:35,_ZNKSt3__16vectorIN11GrammarRule6SymbolENS_9allocatorIS2_EEE3endEv
FNDA:327080,_ZNKSt3__16vectorIN11GrammarRule6SymbolENS_9allocatorIS2_EEEixEm
FNDA:123,_ZNSt3__16vectorIN11GrammarRule6SymbolENS_9allocatorIS2_EEE24__emplace_back_slow_pathIJRKcEEEvDpOT_
FNDA:135,_ZNSt3__16vectorIN11GrammarRule6SymbolENS_9allocatorIS2_EEE12emplace_backIJRKcEEERS2_DpOT_
FNDA:405,_ZNSt3__16vectorIN11GrammarRule6SymbolENS_9allocatorIS2_EEE26__invalidate_all_iteratorsEv
FNDA:202,_ZNSt3__16vectorIN11GrammarRule6SymbolENS_9allocatorIS2_EEE27__invalidate_iterators_pastEPS2_
FNDA:35,_ZNSt3__1eqIN11GrammarRule6SymbolENS_9allocatorIS2_EEEEbRKNS_6vectorIT_T0_EESA_
FNF:46
FNH:37
DA:298,172
DA:343,258
DA:346,0
DA:349,258
DA:352,1179
DA:355,172
DA:364,0
DA:367,1179
DA:374,282
DA:375,282
DA:399,282
DA:419,202
DA:420,404
DA:421,0
DA:422,202
DA:423,202
DA:429,172
DA:430,172
DA:431,172
DA:432,172
DA:433,172
DA:456,0
DA:458,0
DA:459,0
DA:460,0
DA:461,0
DA:464,0
DA:490,172
DA:491,344
DA:495,344
DA:650,263690
DA:653,1179
DA:679,135
DA:692,1792
DA:765,0
DA:766,0
DA:767,0
DA:768,0
DA:769,0
DA:825,202
DA:826,202
DA:827,202
DA:828,202
DA:829,202
DA:856,448
DA:860,246
DA:861,123
DA:862,123
DA:866,246
DA:867,123
DA:868,123
DA:880,404
DA:881,202
DA:882,202
DA:903,24
DA:904,12
DA:930,123
DA:931,123
DA:932,123
DA:933,123
DA:934,123
DA:935,123
DA:936,123
DA:937,123
DA:938,123
DA:968,0
DA:969,0
DA:970,0
DA:971,0
DA:972,0
DA:973,0
DA:979,80
DA:981,0
DA:982,0
DA:983,0
DA:984,0
DA:985,80
DA:991,0
DA:992,0
DA:1001,203
DA:1002,203
DA:1003,0
DA:1004,203
DA:1005,203
DA:1006,0
DA:1007,203
DA:1008,203
DA:1061,0
DA:1062,0
DA:1063,0
DA:1064,0
DA:1065,0
DA:1389,282
DA:1391,282
DA:1392,282
DA:1393,282
DA:1394,282
DA:1427,282
DA:1428,282
DA:1430,202
DA:1431,202
DA:1432,202
DA:1434,0
DA:1435,0
DA:1436,0
DA:1437,0
DA:1438,202
DA:1439,202
DA:1440,0
DA:1442,202
DA:1443,202
DA:1446,80
DA:1447,80
DA:1448,80
DA:1450,282
DA:1451,282
DA:1495,105
DA:1512,70
DA:1528,35
DA:1546,327080
DA:1660,123
DA:1661,123
DA:1663,123
DA:1664,123
DA:1665,123
DA:1666,123
DA:1678,135
DA:1680,12
DA:1681,24
DA:1682,12
DA:1683,12
DA:1684,12
DA:1685,12
DA:1686,12
DA:1688,123
DA:1690,135
DA:2144,405
DA:2166,202
DA:3342,35
DA:3343,105
LF:140
LH:102
end_of_record
SF:/Users/evgenabramov/MIPT-Formal-Practice2/GrammarRule.cpp
FN:3,__cxx_global_var_init
FN:5,_ZN11GrammarRuleC1ERKNSt3__112basic_stringIcNS0_11char_traitsIcEENS0_9allocatorIcEEEES8_
FN:5,_ZN11GrammarRuleC2ERKNSt3__112basic_stringIcNS0_11char_traitsIcEENS0_9allocatorIcEEEES8_
FN:27,_ZN11GrammarRuleC2ERKNSt3__112basic_stringIcNS0_11char_traitsIcEENS0_9allocatorIcEEEE
FN:27,_ZN11GrammarRuleC1ERKNSt3__112basic_stringIcNS0_11char_traitsIcEENS0_9allocatorIcEEEE
FN:37,_ZNK11GrammarRule6SymboleqERKS0_
FN:41,_ZNK11GrammarRuleeqERKS_
FN:45,_ZNK11GrammarRuleltERKS_
FNDA:1,__cxx_global_var_init
FNDA:86,_ZN11GrammarRuleC2ERKNSt3__112basic_stringIcNS0_11char_traitsIcEENS0_9allocatorIcEEEES8_
FNDA:86,_ZN11GrammarRuleC1ERKNSt3__112basic_stringIcNS0_11char_traitsIcEENS0_9allocatorIcEEEES8_
FNDA:86,_ZN11GrammarRuleC2ERKNSt3__112basic_stringIcNS0_11char_traitsIcEENS0_9allocatorIcEEEE
FNDA:86,_ZN11GrammarRuleC1ERKNSt3__112basic_stringIcNS0_11char_traitsIcEENS0_9allocatorIcEEEE
FNDA:133,_ZNK11GrammarRule6SymboleqERKS0_
FNDA:98,_ZNK11GrammarRuleeqERKS_
FNDA:79757,_ZNK11GrammarRuleltERKS_
FNF:8
FNH:8
DA:3,2
DA:5,172
DA:6,86
DA:7,0
DA:11,86
DA:12,0
DA:16,172
DA:17,86
DA:18,0
DA:22,712
DA:23,135
DA:25,172
DA:27,172
DA:28,86
DA:29,0
DA:32,86
DA:33,344
DA:34,86
DA:35,172
DA:38,133
DA:42,231
DA:46,79757
DA:47,4655
DA:49,75102
DA:50,439398
DA:51,163540
DA:52,18943
DA:54,144597
DA:55,56159
DA:56,79757
LF:30
LH:26
end_of_record
SF:/Users/evgenabramov/MIPT-Formal-Practice2/GrammarRule.h
FN:8,_ZN11GrammarRuleD2Ev
FN:8,_ZN11GrammarRuleaSERKS_
FN:8,_ZN11GrammarRuleD1Ev
FN:22,_ZN11GrammarRule6SymbolC2Ec
FN:22,_ZN11GrammarRule6SymbolC1Ec
FNDA:282,_ZN11GrammarRuleaSERKS_
FNDA:0,_ZN11GrammarRuleD1Ev
FNDA:0,_ZN11GrammarRuleD2Ev
FNDA:221,_ZN11GrammarRule6SymbolC1Ec
FNDA:221,_ZN11GrammarRule6SymbolC2Ec
FNF:5
FNH:3
DA:8,282
DA:22,221
DA:23,442
LF:3
LH:3
end_of_record
SF:/Users/evgenabramov/MIPT-Formal-Practice2/GrammarRule.h
DA:8,0
DA:13,0
LF:2
LH:0
end_of_record
SF:/Library/Developer/CommandLineTools/usr/include/c++/v1/__split_buffer
DA:56,43
DA:58,34
DA:59,9
DA:88,17
DA:91,9
DA:141,17
DA:200,17
DA:201,17
DA:203,138
DA:204,138
DA:205,138
DA:206,276
DA:207,17
DA:295,34
DA:296,0
DA:297,17
DA:309,17
DA:310,34
DA:311,51
DA:312,17
DA:313,17
DA:314,34
DA:340,17
DA:341,17
DA:342,17
DA:343,18
DA:344,34
LF:27
LH:26
end_of_record
SF:/Library/Developer/CommandLineTools/usr/include/c++/v1/algorithm
DA:721,42
DA:998,234
DA:999,168
DA:1000,28
DA:1001,47
DA:1693,117
DA:1743,470
DA:1744,196
DA:1745,39
DA:1758,0
DA:1759,0
DA:1760,0
DA:1761,0
DA:1769,39
DA:2562,51
DA:2570,17
DA:2627,75
DA:2635,25
LF:18
LH:14
end_of_record
SF:/Library/Developer/CommandLineTools/usr/include/c++/v1/iterator
DA:557,0
DA:558,0
DA:565,0
DA:566,0
DA:584,47
DA:592,47
DA:1356,11689
DA:1372,11689
DA:1373,11689
DA:1413,26392
DA:1422,6028
DA:1509,13196
DA:1561,13196
LF:13
LH:9
end_of_record
SF:/Library/Developer/CommandLineTools/usr/include/c++/v1/limits
DA:213,34
DA:450,34
LF:2
LH:2
end_of_record
SF:/Library/Developer/CommandLineTools/usr/include/c++/v1/memory
DA:989,25598
DA:1107,1024
DA:1546,8518
DA:1554,6525
DA:1560,17538
DA:1561,17538
DA:1595,6792
DA:1599,17
DA:1604,0
DA:1605,0
DA:1606,0
DA:1644,0
DA:1645,0
DA:1646,0
DA:1663,0
DA:1664,0
DA:1666,0
DA:1667,0
DA:1668,0
DA:1669,0
DA:1677,34
DA:1679,0
DA:1680,0
DA:1682,17
DA:1717,8769
DA:1742,276
DA:1747,6516
DA:1748,6516
DA:1752,17
DA:1764,0
DA:1797,315
DA:1810,8518
DA:1811,0
DA:1813,8518
DA:1816,13050
DA:1818,8535
DA:1825,8769
DA:1826,8769
DA:1880,276
DA:2139,315
DA:2147,17304
DA:2160,44373
DA:2162,40912
DA:2176,315
DA:2184,268
DA:2198,59786
DA:2200,17
DA:2230,630
DA:2247,17572
DA:2276,29313
DA:2281,40912
DA:2286,74846
DA:2291,17
DA:2479,17002
DA:2482,17002
DA:2602,17002
DA:2617,16100
DA:2621,1985
DA:2625,8501
DA:2638,1985
DA:2639,1985
DA:2640,1985
DA:2645,8501
DA:2646,8501
DA:2647,8501
DA:2648,6516
DA:2649,8501
LF:67
LH:51
end_of_record
SF:/Library/Developer/CommandLineTools/usr/include/c++/v1/new
DA:230,15043
DA:238,8518
DA:239,0
DA:243,0
DA:252,8518
DA:254,8518
DA:258,6525
DA:259,0
DA:263,0
DA:272,6525
DA:274,6525
LF:11
LH:7
end_of_record
SF:/Library/Developer/CommandLineTools/usr/include/c++/v1/stdexcept
DA:136,0
DA:225,0
DA:230,0
LF:3
LH:0
end_of_record
SF:/Library/Developer/CommandLineTools/usr/include/c++/v1/string
DA:828,47
DA:941,1227
DA:1406,1221
DA:1458,409
DA:1468,0
DA:1485,0
DA:1491,812
DA:1497,2436
DA:1505,94
DA:1506,752
DA:1507,282
DA:1508,94
DA:1854,94
DA:1855,188
DA:1856,94
DA:1862,188
DA:1912,94
DA:1913,47
DA:1917,94
DA:3164,812
DA:4098,47
DA:4106,47
DA:4107,47
LF:23
LH:21
end_of_record
SF:/Library/Developer/CommandLineTools/usr/include/c++/v1/type_traits
DA:451,74975
DA:2291,12890
DA:2299,237913
DA:4504,51
DA:4505,51
DA:4506,51
DA:4507,51
LF:7
LH:7
end_of_record
SF:/Library/Developer/CommandLineTools/usr/include/c++/v1/vector
DA:298,0
DA:343,340
DA:346,17
DA:349,64
DA:352,226
DA:359,0
DA:364,47
DA:367,226
DA:374,47
DA:375,47
DA:399,47
DA:419,86
DA:420,724
DA:421,276
DA:422,86
DA:423,86
DA:448,0
DA:449,0
DA:450,0
DA:456,0
DA:458,0
DA:459,0
DA:460,0
DA:461,0
DA:464,0
DA:650,326
DA:653,226
DA:692,480
DA:765,47
DA:766,47
DA:767,47
DA:768,47
DA:769,47
DA:825,39
DA:826,39
DA:827,39
DA:828,39
DA:829,39
DA:856,120
DA:860,34
DA:861,17
DA:862,17
DA:866,34
DA:867,17
DA:868,17
DA:880,172
DA:881,86
DA:882,86
DA:903,260
DA:904,130
DA:930,17
DA:931,17
DA:932,17
DA:933,17
DA:934,17
DA:935,17
DA:936,17
DA:937,17
DA:938,17
DA:968,0
DA:969,0
DA:970,0
DA:971,0
DA:972,0
DA:973,0
DA:979,8
DA:981,0
DA:982,0
DA:983,0
DA:984,0
DA:985,8
DA:991,51
DA:992,17
DA:1001,25
DA:1002,25
DA:1003,0
DA:1004,25
DA:1005,25
DA:1006,0
DA:1007,25
DA:1008,25
DA:1019,30
DA:1020,30
DA:1022,130
DA:1023,130
DA:1024,130
DA:1025,130
DA:1026,130
DA:1027,260
DA:1028,30
DA:1061,0
DA:1062,0
DA:1063,0
DA:1064,0
DA:1065,0
DA:1075,47
DA:1076,30
DA:1079,17
DA:1080,17
DA:1081,17
DA:1082,17
DA:1083,17
DA:1084,47
DA:1237,0
DA:1238,0
DA:1242,0
DA:1243,0
DA:1245,0
DA:1246,0
DA:1247,0
DA:1248,0
DA:1389,47
DA:1391,47
DA:1392,47
DA:1393,47
DA:1394,47
DA:1427,47
DA:1428,47
DA:1430,39
DA:1431,39
DA:1432,39
DA:1434,0
DA:1435,0
DA:1436,0
DA:1437,0
DA:1438,39
DA:1439,39
DA:1440,0
DA:1442,39
DA:1443,39
DA:1446,8
DA:1447,8
DA:1448,8
DA:1450,47
DA:1451,47
DA:1483,3014
DA:1504,1507
DA:1520,1507
DA:1537,14100
DA:2039,47
DA:2040,47
DA:2041,47
DA:2042,0
DA:2043,0
DA:2044,47
DA:2144,111
DA:2166,39
LF:147
LH:104
end_of_record
TN:
SF:/Users/evgenabramov/MIPT-Formal-Practice2/googletest-master/googletest/include/gtest/gtest.h
FN:2578,_Z13RUN_ALL_TESTSv
FNDA:1,_Z13RUN_ALL_TESTSv
FNF:1
FNH:1
DA:2579,2
LF:1
LH:1
end_of_record
SF:/Users/evgenabramov/MIPT-Formal-Practice2/test.cpp
FN:3,main
FNDA:1,main
FNF:1
FNH:1
DA:4,1
DA:5,1
LF:2
LH:2
end_of_record
TN:
SF:/Library/Developer/CommandLineTools/usr/include/c++/v1/algorithm
FN:721,_ZNKSt3__16__lessImmEclERKmS3_
FN:2560,_ZNSt3__1L3minImNS_6__lessImmEEEERKT_S5_S5_T0_
FN:2568,_ZNSt3__1L3minImEERKT_S3_S3_
FNDA:0,_ZNKSt3__16__lessImmEclERKmS3_
FNDA:0,_ZNSt3__1L3minImNS_6__lessImmEEEERKT_S5_S5_T0_
FNDA:0,_ZNSt3__1L3minImEERKT_S3_S3_
FNF:3
FNH:0
DA:721,0
DA:2562,0
DA:2570,0
LF:3
LH:0
end_of_record
SF:/Library/Developer/CommandLineTools/usr/include/c++/v1/limits
FN:213,_ZNSt3__123__libcpp_numeric_limitsIlLb1EE3maxEv
FN:450,_ZNSt3__114numeric_limitsIlE3maxEv
FNDA:0,_ZNSt3__123__libcpp_numeric_limitsIlLb1EE3maxEv
FNDA:0,_ZNSt3__114numeric_limitsIlE3maxEv
FNF:2
FNH:0
DA:213,0
DA:450,0
LF:2
LH:0
end_of_record
SF:/Library/Developer/CommandLineTools/usr/include/c++/v1/memory
FN:1105,_ZNSt3__1L16__to_raw_pointerIN11GrammarRule6SymbolEEEPT_S4_
FN:1545,_ZNSt3__116allocator_traitsINS_9allocatorIN11GrammarRule6SymbolEEEE8allocateERS4_m
FN:1553,_ZNSt3__116allocator_traitsINS_9allocatorIN11GrammarRule6SymbolEEEE10deallocateERS4_PS3_m
FN:1594,_ZNSt3__116allocator_traitsINS_9allocatorIN11GrammarRule6SymbolEEEE7destroyIS3_EEvRS4_PT_
FN:1598,_ZNSt3__116allocator_traitsINS_9allocatorIN11GrammarRule6SymbolEEEE8max_sizeERKS4_
FN:1603,_ZNSt3__116allocator_traitsINS_9allocatorIN11GrammarRule6SymbolEEEE37select_on_container_copy_constructionERKS4_
FN:1661,_ZNSt3__116allocator_traitsINS_9allocatorIN11GrammarRule6SymbolEEEE25__construct_range_forwardIS3_S3_S3_S3_EENS_9enable_ifIXaaaasr31is_trivially_move_constructibleIT0_EE5valuesr7is_sameIT1_T2_EE5valueooL_ZNS_17integral_constantIbLb1EE5valueEEntsr15__has_constructIS4_PS8_RT_EE5valueEvE4typeERS4_PSE_SJ_RSD_
FN:1741,_ZNSt3__116allocator_traitsINS_9allocatorIN11GrammarRule6SymbolEEEE9__destroyIS3_EEvNS_17integral_constantIbLb1EEERS4_PT_
FN:1751,_ZNSt3__116allocator_traitsINS_9allocatorIN11GrammarRule6SymbolEEEE10__max_sizeENS_17integral_constantIbLb1EEERKS4_
FN:1763,_ZNSt3__116allocator_traitsINS_9allocatorIN11GrammarRule6SymbolEEEE39__select_on_container_copy_constructionENS_17integral_constantIbLb0EEERKS4_
FN:1808,_ZNSt3__19allocatorIN11GrammarRule6SymbolEE8allocateEmPKv
FN:1815,_ZNSt3__19allocatorIN11GrammarRule6SymbolEE10deallocateEPS2_m
FN:1817,_ZNKSt3__19allocatorIN11GrammarRule6SymbolEE8max_sizeEv
FN:1880,_ZNSt3__19allocatorIN11GrammarRule6SymbolEE7destroyEPS2_
FN:2146,_ZNSt3__122__compressed_pair_elemIPN11GrammarRule6SymbolELi0ELb0EEC2IDnvEEOT_
FN:2160,_ZNSt3__122__compressed_pair_elemIPN11GrammarRule6SymbolELi0ELb0EE5__getEv
FN:2162,_ZNKSt3__122__compressed_pair_elemIPN11GrammarRule6SymbolELi0ELb0EE5__getEv
FN:2183,_ZNSt3__122__compressed_pair_elemINS_9allocatorIN11GrammarRule6SymbolEEELi1ELb1EEC2IS4_vEEOT_
FN:2198,_ZNSt3__122__compressed_pair_elemINS_9allocatorIN11GrammarRule6SymbolEEELi1ELb1EE5__getEv
FN:2200,_ZNKSt3__122__compressed_pair_elemINS_9allocatorIN11GrammarRule6SymbolEEELi1ELb1EE5__getEv
FN:2246,_ZNSt3__117__compressed_pairIPN11GrammarRule6SymbolENS_9allocatorIS2_EEEC1IDnS5_EEOT_OT0_
FN:2246,_ZNSt3__117__compressed_pairIPN11GrammarRule6SymbolENS_9allocatorIS2_EEEC2IDnS5_EEOT_OT0_
FN:2275,_ZNSt3__117__compressed_pairIPN11GrammarRule6SymbolENS_9allocatorIS2_EEE5firstEv
FN:2280,_ZNKSt3__117__compressed_pairIPN11GrammarRule6SymbolENS_9allocatorIS2_EEE5firstEv
FN:2285,_ZNSt3__117__compressed_pairIPN11GrammarRule6SymbolENS_9allocatorIS2_EEE6secondEv
FN:2290,_ZNKSt3__117__compressed_pairIPN11GrammarRule6SymbolENS_9allocatorIS2_EEE6secondEv
FNDA:0,_ZNSt3__1L16__to_raw_pointerIN11GrammarRule6SymbolEEEPT_S4_
FNDA:0,_ZNSt3__116allocator_traitsINS_9allocatorIN11GrammarRule6SymbolEEEE8allocateERS4_m
FNDA:0,_ZNSt3__116allocator_traitsINS_9allocatorIN11GrammarRule6SymbolEEEE10deallocateERS4_PS3_m
FNDA:0,_ZNSt3__116allocator_traitsINS_9allocatorIN11GrammarRule6SymbolEEEE7destroyIS3_EEvRS4_PT_
FNDA:0,_ZNSt3__116allocator_traitsINS_9allocatorIN11GrammarRule6SymbolEEEE8max_sizeERKS4_
FNDA:0,_ZNSt3__116allocator_traitsINS_9allocatorIN11GrammarRule6SymbolEEEE37select_on_container_copy_constructionERKS4_
FNDA:0,_ZNSt3__116allocator_traitsINS_9allocatorIN11GrammarRule6SymbolEEEE25__construct_range_forwardIS3_S3_S3_S3_EENS_9enable_ifIXaaaasr31is_trivially_move_constructibleIT0_EE5valuesr7is_sameIT1_T2_EE5valueooL_ZNS_17integral_constantIbLb1EE5valueEEntsr15__has_constructIS4_PS8_RT_EE5valueEvE4typeERS4_PSE_SJ_RSD_
FNDA:0,_ZNSt3__116allocator_traitsINS_9allocatorIN11GrammarRule6SymbolEEEE9__destroyIS3_EEvNS_17integral_constantIbLb1EEERS4_PT_
FNDA:0,_ZNSt3__116allocator_traitsINS_9allocatorIN11GrammarRule6SymbolEEEE10__max_sizeENS_17integral_constantIbLb1EEERKS4_
FNDA:0,_ZNSt3__116allocator_traitsINS_9allocatorIN11GrammarRule6SymbolEEEE39__select_on_container_copy_constructionENS_17integral_constantIbLb0EEERKS4_
FNDA:0,_ZNSt3__19allocatorIN11GrammarRule6SymbolEE8allocateEmPKv
FNDA:0,_ZNSt3__19allocatorIN11GrammarRule6SymbolEE10deallocateEPS2_m
FNDA:0,_ZNKSt3__19allocatorIN11GrammarRule6SymbolEE8max_sizeEv
FNDA:0,_ZNSt3__19allocatorIN11GrammarRule6SymbolEE7destroyEPS2_
FNDA:0,_ZNSt3__122__compressed_pair_elemIPN11GrammarRule6SymbolELi0ELb0EEC2IDnvEEOT_
FNDA:0,_ZNSt3__122__compressed_pair_elemIPN11GrammarRule6SymbolELi0ELb0EE5__getEv
FNDA:0,_ZNKSt3__122__compressed_pair_elemIPN11GrammarRule6SymbolELi0ELb0EE5__getEv
FNDA:0,_ZNSt3__122__compressed_pair_elemINS_9allocatorIN11GrammarRule6SymbolEEELi1ELb1EEC2IS4_vEEOT_
FNDA:0,_ZNSt3__122__compressed_pair_elemINS_9allocatorIN11GrammarRule6SymbolEEELi1ELb1EE5__getEv
FNDA:0,_ZNKSt3__122__compressed_pair_elemINS_9allocatorIN11GrammarRule6SymbolEEELi1ELb1EE5__getEv
FNDA:0,_ZNSt3__117__compressed_pairIPN11GrammarRule6SymbolENS_9allocatorIS2_EEEC1IDnS5_EEOT_OT0_
FNDA:0,_ZNSt3__117__compressed_pairIPN11GrammarRule6SymbolENS_9allocatorIS2_EEEC2IDnS5_EEOT_OT0_
FNDA:0,_ZNSt3__117__compressed_pairIPN11GrammarRule6SymbolENS_9allocatorIS2_EEE5firstEv
FNDA:0,_ZNKSt3__117__compressed_pairIPN11GrammarRule6SymbolENS_9allocatorIS2_EEE5firstEv
FNDA:0,_ZNSt3__117__compressed_pairIPN11GrammarRule6SymbolENS_9allocatorIS2_EEE6secondEv
FNDA:0,_ZNKSt3__117__compressed_pairIPN11GrammarRule6SymbolENS_9allocatorIS2_EEE6secondEv
FNF:26
FNH:0
DA:1107,0
DA:1546,0
DA:1554,0
DA:1595,0
DA:1599,0
DA:1604,0
DA:1605,0
DA:1606,0
DA:1663,0
DA:1664,0
DA:1666,0
DA:1667,0
DA:1668,0
DA:1669,0
DA:1742,0
DA:1752,0
DA:1764,0
DA:1810,0
DA:1811,0
DA:1813,0
DA:1816,0
DA:1818,0
DA:1880,0
DA:2147,0
DA:2160,0
DA:2162,0
DA:2184,0
DA:2198,0
DA:2200,0
DA:2247,0
DA:2276,0
DA:2281,0
DA:2286,0
DA:2291,0
LF:34
LH:0
end_of_record
SF:/Library/Developer/CommandLineTools/usr/include/c++/v1/new
FN:228,_ZNSt3__1L24__is_overaligned_for_newEm
FN:236,_ZNSt3__1L17__libcpp_allocateEmm
FN:256,_ZNSt3__1L19__libcpp_deallocateEPvm
FNDA:0,_ZNSt3__1L24__is_overaligned_for_newEm
FNDA:0,_ZNSt3__1L17__libcpp_allocateEmm
FNDA:0,_ZNSt3__1L19__libcpp_deallocateEPvm
FNF:3
FNH:0
DA:230,0
DA:238,0
DA:239,0
DA:243,0
DA:252,0
DA:254,0
DA:258,0
DA:259,0
DA:263,0
DA:272,0
DA:274,0
LF:11
LH:0
end_of_record
SF:/Library/Developer/CommandLineTools/usr/include/c++/v1/stdexcept
FN:136,_ZNSt12length_errorC2EPKc
FN:136,_ZNSt12length_errorC1EPKc
FN:222,_ZNSt3__1L20__throw_length_errorEPKc
FNDA:0,_ZNSt12length_errorC1EPKc
FNDA:0,_ZNSt12length_errorC2EPKc
FNDA:0,_ZNSt3__1L20__throw_length_errorEPKc
FNF:3
FNH:0
DA:136,0
DA:225,0
DA:230,0
LF:3
LH:0
end_of_record
SF:/Library/Developer/CommandLineTools/usr/include/c++/v1/tuple
FN:170,_ZNSt3__112__tuple_leafILm0E11GrammarRuleLb0EED2Ev
FN:220,_ZNSt3__112__tuple_leafILm1EmLb0EEC2IRKmvEEOT_
FN:220,_ZNSt3__112__tuple_leafILm2EmLb0EEC2IRKmvEEOT_
FN:220,_ZNSt3__112__tuple_leafILm0E11GrammarRuleLb0EEC2IRKS1_vEEOT_
FN:266,_ZNKSt3__112__tuple_leafILm1EmLb0EE3getEv
FN:266,_ZNKSt3__112__tuple_leafILm2EmLb0EE3getEv
FN:266,_ZNKSt3__112__tuple_leafILm0E11GrammarRuleLb0EE3getEv
FN:364,_ZNSt3__112__tuple_implINS_15__tuple_indicesIJLm0ELm1ELm2EEEEJ11GrammarRulemmEED1Ev
FN:364,_ZNSt3__112__tuple_implINS_15__tuple_indicesIJLm0ELm1ELm2EEEEJ11GrammarRulemmEED2Ev
FN:375,_ZNSt3__112__tuple_implINS_15__tuple_indicesIJLm0ELm1ELm2EEEEJ11GrammarRulemmEEC1IJLm0ELm1ELm2EEJS3_mmEJEJEJRKS3_RKmS9_EEENS1_IJXspT_EEEENS_13__tuple_typesIJDpT0_EEENS1_IJXspT1_EEEENSB_IJDpT2_EEEDpOT3_
FN:375,_ZNSt3__112__tuple_implINS_15__tuple_indicesIJLm0ELm1ELm2EEEEJ11GrammarRulemmEEC2IJLm0ELm1ELm2EEJS3_mmEJEJEJRKS3_RKmS9_EEENS1_IJXspT_EEEENS_13__tuple_typesIJDpT0_EEENS1_IJXspT1_EEEENSB_IJDpT2_EEEDpOT3_
FN:469,_ZNSt3__15tupleIJ11GrammarRulemmEED1Ev
FN:469,_ZNSt3__15tupleIJ11GrammarRulemmEED2Ev
FN:641,_ZNSt3__15tupleIJ11GrammarRulemmEEC1ILb1ELb0EEERKS1_RKmS7_
FN:641,_ZNSt3__15tupleIJ11GrammarRulemmEEC2ILb1ELb0EEERKS1_RKmS7_
FN:962,_ZNSt3__1L3getILm2EJ11GrammarRulemmEEERKNS_13tuple_elementIXT_ENS_5tupleIJDpT0_EEEE4typeERKS6_
FN:962,_ZNSt3__1L3getILm0EJ11GrammarRulemmEEERKNS_13tuple_elementIXT_ENS_5tupleIJDpT0_EEEE4typeERKS6_
FN:962,_ZNSt3__1L3getILm1EJ11GrammarRulemmEEERKNS_13tuple_elementIXT_ENS_5tupleIJDpT0_EEEE4typeERKS6_
FN:1101,_ZNSt3__1L10make_tupleIJRK11GrammarRuleRKmS5_EEENS_5tupleIJDpNS_19__make_tuple_returnIT_E4typeEEEEDpOS8_
FN:1157,_ZNSt3__112__tuple_lessILm1EEclINS_5tupleIJ11GrammarRulemmEEES5_EEbRKT_RKT0_
FN:1157,_ZNSt3__112__tuple_lessILm3EEclINS_5tupleIJ11GrammarRulemmEEES5_EEbRKT_RKT0_
FN:1157,_ZNSt3__112__tuple_lessILm2EEclINS_5tupleIJ11GrammarRulemmEEES5_EEbRKT_RKT0_
FN:1173,_ZNSt3__112__tuple_lessILm0EEclINS_5tupleIJ11GrammarRulemmEEES5_EEbRKT_RKT0_
FN:1182,_ZNSt3__1ltIJ11GrammarRulemmEJS1_mmEEEbRKNS_5tupleIJDpT_EEERKNS2_IJDpT0_EEE
FNDA:101890,_ZNSt3__112__tuple_leafILm0E11GrammarRuleLb0EED2Ev
FNDA:101890,_ZNSt3__112__tuple_leafILm0E11GrammarRuleLb0EEC2IRKS1_vEEOT_
FNDA:101890,_ZNSt3__112__tuple_leafILm1EmLb0EEC2IRKmvEEOT_
FNDA:101890,_ZNSt3__112__tuple_leafILm2EmLb0EEC2IRKmvEEOT_
FNDA:159514,_ZNKSt3__112__tuple_leafILm0E11GrammarRuleLb0EE3getEv
FNDA:84306,_ZNKSt3__112__tuple_leafILm1EmLb0EE3getEv
FNDA:64218,_ZNKSt3__112__tuple_leafILm2EmLb0EE3getEv
FNDA:101890,_ZNSt3__112__tuple_implINS_15__tuple_indicesIJLm0ELm1ELm2EEEEJ11GrammarRulemmEED1Ev
FNDA:101890,_ZNSt3__112__tuple_implINS_15__tuple_indicesIJLm0ELm1ELm2EEEEJ11GrammarRulemmEED2Ev
FNDA:101890,_ZNSt3__112__tuple_implINS_15__tuple_indicesIJLm0ELm1ELm2EEEEJ11GrammarRulemmEEC1IJLm0ELm1ELm2EEJS3_mmEJEJEJRKS3_RKmS9_EEENS1_IJXspT_EEEENS_13__tuple_typesIJDpT0_EEENS1_IJXspT1_EEEENSB_IJDpT2_EEEDpOT3_
FNDA:101890,_ZNSt3__112__tuple_implINS_15__tuple_indicesIJLm0ELm1ELm2EEEEJ11GrammarRulemmEEC2IJLm0ELm1ELm2EEJS3_mmEJEJEJRKS3_RKmS9_EEENS1_IJXspT_EEEENS_13__tuple_typesIJDpT0_EEENS1_IJXspT1_EEEENSB_IJDpT2_EEEDpOT3_
FNDA:101890,_ZNSt3__15tupleIJ11GrammarRulemmEED1Ev
FNDA:101890,_ZNSt3__15tupleIJ11GrammarRulemmEED2Ev
FNDA:101890,_ZNSt3__15tupleIJ11GrammarRulemmEEC1ILb1ELb0EEERKS1_RKmS7_
FNDA:101890,_ZNSt3__15tupleIJ11GrammarRulemmEEC2ILb1ELb0EEERKS1_RKmS7_
FNDA:159514,_ZNSt3__1L3getILm0EJ11GrammarRulemmEEERKNS_13tuple_elementIXT_ENS_5tupleIJDpT0_EEEE4typeERKS6_
FNDA:84306,_ZNSt3__1L3getILm1EJ11GrammarRulemmEEERKNS_13tuple_elementIXT_ENS_5tupleIJDpT0_EEEE4typeERKS6_
FNDA:64218,_ZNSt3__1L3getILm2EJ11GrammarRulemmEEERKNS_13tuple_elementIXT_ENS_5tupleIJDpT0_EEEE4typeERKS6_
FNDA:101890,_ZNSt3__1L10make_tupleIJRK11GrammarRuleRKmS5_EEENS_5tupleIJDpNS_19__make_tuple_returnIT_E4typeEEEEDpOS8_
FNDA:50945,_ZNSt3__112__tuple_lessILm3EEclINS_5tupleIJ11GrammarRulemmEEES5_EEbRKT_RKT0_
FNDA:22967,_ZNSt3__112__tuple_lessILm2EEclINS_5tupleIJ11GrammarRulemmEEES5_EEbRKT_RKT0_
FNDA:16313,_ZNSt3__112__tuple_lessILm1EEclINS_5tupleIJ11GrammarRulemmEEES5_EEbRKT_RKT0_
FNDA:15370,_ZNSt3__112__tuple_lessILm0EEclINS_5tupleIJ11GrammarRulemmEEES5_EEbRKT_RKT0_
FNDA:50945,_ZNSt3__1ltIJ11GrammarRulemmEJS1_mmEEEbRKNS_5tupleIJDpT_EEERKNS2_IJDpT0_EEE
FNF:24
FNH:24
DA:170,101890
DA:221,305670
DA:223,305670
DA:266,308038
DA:364,203780
DA:380,305670
DA:382,509450
DA:469,203780
DA:642,203780
DA:646,101890
DA:647,203780
DA:965,308038
DA:1103,101890
DA:1159,90225
DA:1160,90225
DA:1161,26431
DA:1162,63794
DA:1163,9144
DA:1164,54650
DA:1165,90225
DA:1175,15370
DA:1184,50945
LF:22
LH:22
end_of_record
SF:/Library/Developer/CommandLineTools/usr/include/c++/v1/type_traits
FN:2288,_ZNSt3__1L4moveIRNS_9allocatorIN11GrammarRule6SymbolEEEEEONS_16remove_referenceIT_E4typeEOS7_
FN:2297,_ZNSt3__1L7forwardIRK11GrammarRuleEEOT_RNS_16remove_referenceIS4_E4typeE
FN:2297,_ZNSt3__1L7forwardIRKmEEOT_RNS_16remove_referenceIS3_E4typeE
FN:2297,_ZNSt3__1L7forwardIDnEEOT_RNS_16remove_referenceIS1_E4typeE
FN:2297,_ZNSt3__1L7forwardINS_9allocatorIN11GrammarRule6SymbolEEEEEOT_RNS_16remove_referenceIS5_E4typeE
FNDA:0,_ZNSt3__1L4moveIRNS_9allocatorIN11GrammarRule6SymbolEEEEEONS_16remove_referenceIT_E4typeEOS7_
FNDA:0,_ZNSt3__1L7forwardIDnEEOT_RNS_16remove_referenceIS1_E4typeE
FNDA:0,_ZNSt3__1L7forwardINS_9allocatorIN11GrammarRule6SymbolEEEEEOT_RNS_16remove_referenceIS5_E4typeE
FNDA:305670,_ZNSt3__1L7forwardIRK11GrammarRuleEEOT_RNS_16remove_referenceIS4_E4typeE
FNDA:611340,_ZNSt3__1L7forwardIRKmEEOT_RNS_16remove_referenceIS3_E4typeE
FNF:5
FNH:2
DA:2291,0
DA:2299,917010
LF:2
LH:1
end_of_record
SF:/Library/Developer/CommandLineTools/usr/include/c++/v1/vector
FN:298,_ZNSt3__120__vector_base_commonILb1EEC2Ev
FN:342,_ZNSt3__113__vector_baseIN11GrammarRule6SymbolENS_9allocatorIS2_EEE7__allocEv
FN:345,_ZNKSt3__113__vector_baseIN11GrammarRule6SymbolENS_9allocatorIS2_EEE7__allocEv
FN:348,_ZNSt3__113__vector_baseIN11GrammarRule6SymbolENS_9allocatorIS2_EEE9__end_capEv
FN:351,_ZNKSt3__113__vector_baseIN11GrammarRule6SymbolENS_9allocatorIS2_EEE9__end_capEv
FN:364,_ZNSt3__113__vector_baseIN11GrammarRule6SymbolENS_9allocatorIS2_EEE5clearEv
FN:366,_ZNKSt3__113__vector_baseIN11GrammarRule6SymbolENS_9allocatorIS2_EEE8capacityEv
FN:417,_ZNSt3__113__vector_baseIN11GrammarRule6SymbolENS_9allocatorIS2_EEE17__destruct_at_endEPS2_
FN:447,_ZNSt3__113__vector_baseIN11GrammarRule6SymbolENS_9allocatorIS2_EEEC2EOS4_
FN:454,_ZNSt3__113__vector_baseIN11GrammarRule6SymbolENS_9allocatorIS2_EEED2Ev
FN:464,_ZNSt3__16vectorIN11GrammarRule6SymbolENS_9allocatorIS2_EEED2Ev
FN:464,_ZNSt3__16vectorIN11GrammarRule6SymbolENS_9allocatorIS2_EEED1Ev
FN:649,_ZNKSt3__16vectorIN11GrammarRule6SymbolENS_9allocatorIS2_EEE4sizeEv
FN:652,_ZNKSt3__16vectorIN11GrammarRule6SymbolENS_9allocatorIS2_EEE8capacityEv
FN:691,_ZNKSt3__16vectorIN11GrammarRule6SymbolENS_9allocatorIS2_EEE4dataEv
FN:855,_ZNKSt3__16vectorIN11GrammarRule6SymbolENS_9allocatorIS2_EEE31__annotate_contiguous_containerEPKvS7_S7_S7_
FN:859,_ZNKSt3__16vectorIN11GrammarRule6SymbolENS_9allocatorIS2_EEE14__annotate_newEm
FN:903,_ZNSt3__16vectorIN11GrammarRule6SymbolENS_9allocatorIS2_EEE24__RAII_IncreaseAnnotatorC1ERKS5_m
FN:903,_ZNSt3__16vectorIN11GrammarRule6SymbolENS_9allocatorIS2_EEE24__RAII_IncreaseAnnotatorC2ERKS5_m
FN:904,_ZNSt3__16vectorIN11GrammarRule6SymbolENS_9allocatorIS2_EEE24__RAII_IncreaseAnnotator6__doneEv
FN:966,_ZNSt3__16vectorIN11GrammarRule6SymbolENS_9allocatorIS2_EEE11__vallocateEm
FN:989,_ZNKSt3__16vectorIN11GrammarRule6SymbolENS_9allocatorIS2_EEE8max_sizeEv
FN:1059,_ZNSt3__16vectorIN11GrammarRule6SymbolENS_9allocatorIS2_EEE18__construct_at_endIPS2_EENS_9enable_ifIXsr21__is_forward_iteratorIT_EE5valueEvE4typeES9_S9_m
FN:1236,_ZNSt3__16vectorIN11GrammarRule6SymbolENS_9allocatorIS2_EEEC2ERKS5_
FN:1236,_ZNSt3__16vectorIN11GrammarRule6SymbolENS_9allocatorIS2_EEEC1ERKS5_
FN:1543,_ZNKSt3__16vectorIN11GrammarRule6SymbolENS_9allocatorIS2_EEEixEm
FNDA:0,_ZNSt3__120__vector_base_commonILb1EEC2Ev
FNDA:0,_ZNSt3__113__vector_baseIN11GrammarRule6SymbolENS_9allocatorIS2_EEE7__allocEv
FNDA:0,_ZNKSt3__113__vector_baseIN11GrammarRule6SymbolENS_9allocatorIS2_EEE7__allocEv
FNDA:0,_ZNSt3__113__vector_baseIN11GrammarRule6SymbolENS_9allocatorIS2_EEE9__end_capEv
FNDA:0,_ZNKSt3__113__vector_baseIN11GrammarRule6SymbolENS_9allocatorIS2_EEE9__end_capEv
FNDA:0,_ZNSt3__113__vector_baseIN11GrammarRule6SymbolENS_9allocatorIS2_EEE5clearEv
FNDA:0,_ZNKSt3__113__vector_baseIN11GrammarRule6SymbolENS_9allocatorIS2_EEE8capacityEv
FNDA:0,_ZNSt3__113__vector_baseIN11GrammarRule6SymbolENS_9allocatorIS2_EEE17__destruct_at_endEPS2_
FNDA:0,_ZNSt3__113__vector_baseIN11GrammarRule6SymbolENS_9allocatorIS2_EEEC2EOS4_
FNDA:0,_ZNSt3__113__vector_baseIN11GrammarRule6SymbolENS_9allocatorIS2_EEED2Ev
FNDA:0,_ZNSt3__16vectorIN11GrammarRule6SymbolENS_9allocatorIS2_EEED1Ev
FNDA:0,_ZNSt3__16vectorIN11GrammarRule6SymbolENS_9allocatorIS2_EEED2Ev
FNDA:24318,_ZNKSt3__16vectorIN11GrammarRule6SymbolENS_9allocatorIS2_EEE4sizeEv
FNDA:0,_ZNKSt3__16vectorIN11GrammarRule6SymbolENS_9allocatorIS2_EEE8capacityEv
FNDA:0,_ZNKSt3__16vectorIN11GrammarRule6SymbolENS_9allocatorIS2_EEE4dataEv
FNDA:0,_ZNKSt3__16vectorIN11GrammarRule6SymbolENS_9allocatorIS2_EEE31__annotate_contiguous_containerEPKvS7_S7_S7_
FNDA:0,_ZNKSt3__16vectorIN11GrammarRule6SymbolENS_9allocatorIS2_EEE14__annotate_newEm
FNDA:0,_ZNSt3__16vectorIN11GrammarRule6SymbolENS_9allocatorIS2_EEE24__RAII_IncreaseAnnotatorC1ERKS5_m
FNDA:0,_ZNSt3__16vectorIN11GrammarRule6SymbolENS_9allocatorIS2_EEE24__RAII_IncreaseAnnotatorC2ERKS5_m
FNDA:0,_ZNSt3__16vectorIN11GrammarRule6SymbolENS_9allocatorIS2_EEE24__RAII_IncreaseAnnotator6__doneEv
FNDA:0,_ZNSt3__16vectorIN11GrammarRule6SymbolENS_9allocatorIS2_EEE11__vallocateEm
FNDA:0,_ZNKSt3__16vectorIN11GrammarRule6SymbolENS_9allocatorIS2_EEE8max_sizeEv
FNDA:0,_ZNSt3__16vectorIN11GrammarRule6SymbolENS_9allocatorIS2_EEE18__construct_at_endIPS2_EENS_9enable_ifIXsr21__is_forward_iteratorIT_EE5valueEvE4typeES9_S9_m
FNDA:0,_ZNSt3__16vectorIN11GrammarRule6SymbolENS_9allocatorIS2_EEEC1ERKS5_
FNDA:0,_ZNSt3__16vectorIN11GrammarRule6SymbolENS_9allocatorIS2_EEEC2ERKS5_
FNDA:24699,_ZNKSt3__16vectorIN11GrammarRule6SymbolENS_9allocatorIS2_EEEixEm
FNF:26
FNH:2
DA:298,0
DA:343,0
DA:346,0
DA:349,0
DA:352,0
DA:359,0
DA:364,0
DA:367,0
DA:419,0
DA:420,0
DA:421,0
DA:422,0
DA:423,0
DA:448,0
DA:449,0
DA:450,0
DA:456,0
DA:458,0
DA:459,0
DA:460,0
DA:461,0
DA:464,0
DA:650,24318
DA:653,0
DA:692,0
DA:856,0
DA:860,0
DA:861,0
DA:862,0
DA:903,0
DA:904,0
DA:968,0
DA:969,0
DA:970,0
DA:971,0
DA:972,0
DA:973,0
DA:991,0
DA:992,0
DA:1061,0
DA:1062,0
DA:1063,0
DA:1064,0
DA:1065,0
DA:1237,0
DA:1238,0
DA:1242,0
DA:1243,0
DA:1245,0
DA:1246,0
DA:1247,0
DA:1248,0
DA:1546,24699
LF:53
LH:2
end_of_record
SF:/Users/evgenabramov/MIPT-Formal-Practice2/GrammarRule.h
FN:8,_ZN11GrammarRuleD2Ev
FN:8,_ZN11GrammarRuleD1Ev
FN:13,_ZN11GrammarRuleC1ERKS_
FN:13,_ZN11GrammarRuleC2ERKS_
FNDA:0,_ZN11GrammarRuleD1Ev
FNDA:0,_ZN11GrammarRuleD2Ev
FNDA:0,_ZN11GrammarRuleC1ERKS_
FNDA:0,_ZN11GrammarRuleC2ERKS_
FNF:4
FNH:0
DA:8,0
DA:13,0
LF:2
LH:0
end_of_record
SF:/Users/evgenabramov/MIPT-Formal-Practice2/Situation.cpp
FN:4,_ZNK9Situation25CheckNextSymbolIsTerminalEv
FN:11,_ZNK9Situation13GetNextSymbolEv
FN:15,_ZNK9Situation18CheckRuleCompletedEv
FN:19,_ZNK9Situation14MovePointRightEv
FN:23,_ZNK9SituationeqERKS_
FN:29,_ZNK9SituationltERKS_
FNDA:5441,_ZNK9Situation25CheckNextSymbolIsTerminalEv
FNDA:19605,_ZNK9Situation13GetNextSymbolEv
FNDA:24318,_ZNK9Situation18CheckRuleCompletedEv
FNDA:2071,_ZNK9Situation14MovePointRightEv
FNDA:98,_ZNK9SituationeqERKS_
FNDA:50945,_ZNK9SituationltERKS_
FNF:6
FNH:6
DA:5,5441
DA:6,347
DA:8,5094
DA:9,5441
DA:12,19605
DA:16,24318
DA:20,2071
DA:24,196
DA:25,35
DA:26,35
DA:30,101890
DA:31,101890
DA:32,0
LF:13
LH:12
end_of_record
SF:/Users/evgenabramov/MIPT-Formal-Practice2/Situation.h
FN:4,_ZN9SituationC1ERK11GrammarRulemm
FN:4,_ZN9SituationC2ERK11GrammarRulemm
FNDA:0,_ZN9SituationC1ERK11GrammarRulemm
FNDA:0,_ZN9SituationC2ERK11GrammarRulemm
FNF:2
FNH:0
DA:5,0
LF:1
LH:0
end_of_record
TN:
SF:/Library/Developer/CommandLineTools/usr/include/c++/v1/__split_buffer
FN:56,_ZNSt3__114__split_bufferI11GrammarRuleRNS_9allocatorIS1_EEE7__allocEv
FN:58,_ZNSt3__114__split_bufferI11GrammarRuleRNS_9allocatorIS1_EEE9__end_capEv
FN:59,_ZNKSt3__114__split_bufferI11GrammarRuleRNS_9allocatorIS1_EEE9__end_capEv
FN:87,_ZNSt3__114__split_bufferI11GrammarRuleRNS_9allocatorIS1_EEE5clearEv
FN:91,_ZNKSt3__114__split_bufferI11GrammarRuleRNS_9allocatorIS1_EEE8capacityEv
FN:140,_ZNSt3__114__split_bufferI11GrammarRuleRNS_9allocatorIS1_EEE17__destruct_at_endEPS1_
FN:293,_ZNSt3__114__split_bufferI11GrammarRuleRNS_9allocatorIS1_EEE17__destruct_at_endEPS1_NS_17integral_constantIbLb0EEE
FN:308,_ZNSt3__114__split_bufferI11GrammarRuleRNS_9allocatorIS1_EEEC1EmmS4_
FN:308,_ZNSt3__114__split_bufferI11GrammarRuleRNS_9allocatorIS1_EEEC2EmmS4_
FN:339,_ZNSt3__114__split_bufferI11GrammarRuleRNS_9allocatorIS1_EEED2Ev
FN:339,_ZNSt3__114__split_bufferI11GrammarRuleRNS_9allocatorIS1_EEED1Ev
FNDA:145,_ZNSt3__114__split_bufferI11GrammarRuleRNS_9allocatorIS1_EEE7__allocEv
FNDA:68,_ZNSt3__114__split_bufferI11GrammarRuleRNS_9allocatorIS1_EEE9__end_capEv
FNDA:26,_ZNKSt3__114__split_bufferI11GrammarRuleRNS_9allocatorIS1_EEE9__end_capEv
FNDA:34,_ZNSt3__114__split_bufferI11GrammarRuleRNS_9allocatorIS1_EEE5clearEv
FNDA:26,_ZNKSt3__114__split_bufferI11GrammarRuleRNS_9allocatorIS1_EEE8capacityEv
FNDA:34,_ZNSt3__114__split_bufferI11GrammarRuleRNS_9allocatorIS1_EEE17__destruct_at_endEPS1_
FNDA:34,_ZNSt3__114__split_bufferI11GrammarRuleRNS_9allocatorIS1_EEE17__destruct_at_endEPS1_NS_17integral_constantIbLb0EEE
FNDA:34,_ZNSt3__114__split_bufferI11GrammarRuleRNS_9allocatorIS1_EEEC1EmmS4_
FNDA:34,_ZNSt3__114__split_bufferI11GrammarRuleRNS_9allocatorIS1_EEEC2EmmS4_
FNDA:34,_ZNSt3__114__split_bufferI11GrammarRuleRNS_9allocatorIS1_EEED1Ev
FNDA:34,_ZNSt3__114__split_bufferI11GrammarRuleRNS_9allocatorIS1_EEED2Ev
FNF:11
FNH:11
DA:56,145
DA:58,68
DA:59,26
DA:88,34
DA:91,26
DA:141,34
DA:295,238
DA:296,85
DA:297,34
DA:309,34
DA:310,68
DA:311,102
DA:312,34
DA:313,34
DA:314,68
DA:340,34
DA:341,34
DA:342,34
DA:343,52
DA:344,68
LF:20
LH:20
end_of_record
SF:/Library/Developer/CommandLineTools/usr/include/c++/v1/algorithm
FN:721,_ZNKSt3__16__lessImmEclERKmS3_
FN:2560,_ZNSt3__1L3minImNS_6__lessImmEEEERKT_S5_S5_T0_
FN:2568,_ZNSt3__1L3minImEERKT_S3_S3_
FN:2625,_ZNSt3__1L3maxImNS_6__lessImmEEEERKT_S5_S5_T0_
FN:2633,_ZNSt3__1L3maxImEERKT_S3_S3_
FNDA:34,_ZNKSt3__16__lessImmEclERKmS3_
FNDA:0,_ZNSt3__1L3minImNS_6__lessImmEEEERKT_S5_S5_T0_
FNDA:0,_ZNSt3__1L3minImEERKT_S3_S3_
FNDA:34,_ZNSt3__1L3maxImNS_6__lessImmEEEERKT_S5_S5_T0_
FNDA:34,_ZNSt3__1L3maxImEERKT_S3_S3_
FNF:5
FNH:3
DA:721,34
DA:2562,0
DA:2570,0
DA:2627,102
DA:2635,34
LF:5
LH:3
end_of_record
SF:/Library/Developer/CommandLineTools/usr/include/c++/v1/limits
FN:213,_ZNSt3__123__libcpp_numeric_limitsIlLb1EE3maxEv
FN:450,_ZNSt3__114numeric_limitsIlE3maxEv
FNDA:0,_ZNSt3__123__libcpp_numeric_limitsIlLb1EE3maxEv
FNDA:0,_ZNSt3__114numeric_limitsIlE3maxEv
FNF:2
FNH:0
DA:213,0
DA:450,0
LF:2
LH:0
end_of_record
SF:/Library/Developer/CommandLineTools/usr/include/c++/v1/memory
FN:1105,_ZNSt3__1L16__to_raw_pointerI11GrammarRuleEEPT_S3_
FN:1105,_ZNSt3__1L16__to_raw_pointerIN11GrammarRule6SymbolEEEPT_S4_
FN:1545,_ZNSt3__116allocator_traitsINS_9allocatorIN11GrammarRule6SymbolEEEE8allocateERS4_m
FN:1545,_ZNSt3__116allocator_traitsINS_9allocatorI11GrammarRuleEEE8allocateERS3_m
FN:1553,_ZNSt3__116allocator_traitsINS_9allocatorIN11GrammarRule6SymbolEEEE10deallocateERS4_PS3_m
FN:1553,_ZNSt3__116allocator_traitsINS_9allocatorI11GrammarRuleEEE10deallocateERS3_PS2_m
FN:1559,_ZNSt3__116allocator_traitsINS_9allocatorI11GrammarRuleEEE9constructIS2_JRKNS_12basic_stringIcNS_11char_traitsIcEENS1_IcEEEEEEEvRS3_PT_DpOT0_
FN:1559,_ZNSt3__116allocator_traitsINS_9allocatorI11GrammarRuleEEE9constructIS2_JRKS2_EEEvRS3_PT_DpOT0_
FN:1594,_ZNSt3__116allocator_traitsINS_9allocatorIN11GrammarRule6SymbolEEEE7destroyIS3_EEvRS4_PT_
FN:1594,_ZNSt3__116allocator_traitsINS_9allocatorI11GrammarRuleEEE7destroyIS2_EEvRS3_PT_
FN:1598,_ZNSt3__116allocator_traitsINS_9allocatorI11GrammarRuleEEE8max_sizeERKS3_
FN:1598,_ZNSt3__116allocator_traitsINS_9allocatorIN11GrammarRule6SymbolEEEE8max_sizeERKS4_
FN:1603,_ZNSt3__116allocator_traitsINS_9allocatorIN11GrammarRule6SymbolEEEE37select_on_container_copy_constructionERKS4_
FN:1661,_ZNSt3__116allocator_traitsINS_9allocatorIN11GrammarRule6SymbolEEEE25__construct_range_forwardIS3_S3_S3_S3_EENS_9enable_ifIXaaaasr31is_trivially_move_constructibleIT0_EE5valuesr7is_sameIT1_T2_EE5valueooL_ZNS_17integral_constantIbLb1EE5valueEEntsr15__has_constructIS4_PS8_RT_EE5valueEvE4typeERS4_PSE_SJ_RSD_
FN:1675,_ZNSt3__116allocator_traitsINS_9allocatorI11GrammarRuleEEE20__construct_backwardIPS2_EEvRS3_T_S8_RS8_
FN:1716,_ZNSt3__116allocator_traitsINS_9allocatorI11GrammarRuleEEE11__constructIS2_JRKNS_12basic_stringIcNS_11char_traitsIcEENS1_IcEEEEEEEvNS_17integral_constantIbLb1EEERS3_PT_DpOT0_
FN:1716,_ZNSt3__116allocator_traitsINS_9allocatorI11GrammarRuleEEE11__constructIS2_JRKS2_EEEvNS_17integral_constantIbLb1EEERS3_PT_DpOT0_
FN:1741,_ZNSt3__116allocator_traitsINS_9allocatorI11GrammarRuleEEE9__destroyIS2_EEvNS_17integral_constantIbLb1EEERS3_PT_
FN:1741,_ZNSt3__116allocator_traitsINS_9allocatorIN11GrammarRule6SymbolEEEE9__destroyIS3_EEvNS_17integral_constantIbLb1EEERS4_PT_
FN:1751,_ZNSt3__116allocator_traitsINS_9allocatorI11GrammarRuleEEE10__max_sizeENS_17integral_constantIbLb1EEERKS3_
FN:1751,_ZNSt3__116allocator_traitsINS_9allocatorIN11GrammarRule6SymbolEEEE10__max_sizeENS_17integral_constantIbLb1EEERKS4_
FN:1763,_ZNSt3__116allocator_traitsINS_9allocatorIN11GrammarRule6SymbolEEEE39__select_on_container_copy_constructionENS_17integral_constantIbLb0EEERKS4_
FN:1808,_ZNSt3__19allocatorI11GrammarRuleE8allocateEmPKv
FN:1808,_ZNSt3__19allocatorIN11GrammarRule6SymbolEE8allocateEmPKv
FN:1815,_ZNSt3__19allocatorIN11GrammarRule6SymbolEE10deallocateEPS2_m
FN:1815,_ZNSt3__19allocatorI11GrammarRuleE10deallocateEPS1_m
FN:1817,_ZNKSt3__19allocatorI11GrammarRuleE8max_sizeEv
FN:1817,_ZNKSt3__19allocatorIN11GrammarRule6SymbolEE8max_sizeEv
FN:1823,_ZNSt3__19allocatorI11GrammarRuleE9constructIS1_JRKNS_12basic_stringIcNS_11char_traitsIcEENS0_IcEEEEEEEvPT_DpOT0_
FN:1823,_ZNSt3__19allocatorI11GrammarRuleE9constructIS1_JRKS1_EEEvPT_DpOT0_
FN:1880,_ZNSt3__19allocatorI11GrammarRuleE7destroyEPS1_
FN:1880,_ZNSt3__19allocatorIN11GrammarRule6SymbolEE7destroyEPS2_
FN:2146,_ZNSt3__122__compressed_pair_elemIPN11GrammarRule6SymbolELi0ELb0EEC2IDnvEEOT_
FN:2146,_ZNSt3__122__compressed_pair_elemIRNS_9allocatorI11GrammarRuleEELi1ELb0EEC2IS4_vEEOT_
FN:2146,_ZNSt3__122__compressed_pair_elemIP11GrammarRuleLi0ELb0EEC2IDnvEEOT_
FN:2160,_ZNSt3__122__compressed_pair_elemIRNS_9allocatorI11GrammarRuleEELi1ELb0EE5__getEv
FN:2160,_ZNSt3__122__compressed_pair_elemIP11GrammarRuleLi0ELb0EE5__getEv
FN:2160,_ZNSt3__122__compressed_pair_elemIPN11GrammarRule6SymbolELi0ELb0EE5__getEv
FN:2162,_ZNKSt3__122__compressed_pair_elemIPN11GrammarRule6SymbolELi0ELb0EE5__getEv
FN:2162,_ZNKSt3__122__compressed_pair_elemIP11GrammarRuleLi0ELb0EE5__getEv
FN:2183,_ZNSt3__122__compressed_pair_elemINS_9allocatorIN11GrammarRule6SymbolEEELi1ELb1EEC2IS4_vEEOT_
FN:2198,_ZNSt3__122__compressed_pair_elemINS_9allocatorIN11GrammarRule6SymbolEEELi1ELb1EE5__getEv
FN:2198,_ZNSt3__122__compressed_pair_elemINS_9allocatorI11GrammarRuleEELi1ELb1EE5__getEv
FN:2200,_ZNKSt3__122__compressed_pair_elemINS_9allocatorI11GrammarRuleEELi1ELb1EE5__getEv
FN:2200,_ZNKSt3__122__compressed_pair_elemINS_9allocatorIN11GrammarRule6SymbolEEELi1ELb1EE5__getEv
FN:2246,_ZNSt3__117__compressed_pairIP11GrammarRuleRNS_9allocatorIS1_EEEC2IDnS5_EEOT_OT0_
FN:2246,_ZNSt3__117__compressed_pairIP11GrammarRuleRNS_9allocatorIS1_EEEC1IDnS5_EEOT_OT0_
FN:2246,_ZNSt3__117__compressed_pairIPN11GrammarRule6SymbolENS_9allocatorIS2_EEEC2IDnS5_EEOT_OT0_
FN:2246,_ZNSt3__117__compressed_pairIPN11GrammarRule6SymbolENS_9allocatorIS2_EEEC1IDnS5_EEOT_OT0_
FN:2275,_ZNSt3__117__compressed_pairIPN11GrammarRule6SymbolENS_9allocatorIS2_EEE5firstEv
FN:2275,_ZNSt3__117__compressed_pairIP11GrammarRuleNS_9allocatorIS1_EEE5firstEv
FN:2275,_ZNSt3__117__compressed_pairIP11GrammarRuleRNS_9allocatorIS1_EEE5firstEv
FN:2280,_ZNKSt3__117__compressed_pairIP11GrammarRuleNS_9allocatorIS1_EEE5firstEv
FN:2280,_ZNKSt3__117__compressed_pairIPN11GrammarRule6SymbolENS_9allocatorIS2_EEE5firstEv
FN:2280,_ZNKSt3__117__compressed_pairIP11GrammarRuleRNS_9allocatorIS1_EEE5firstEv
FN:2285,_ZNSt3__117__compressed_pairIPN11GrammarRule6SymbolENS_9allocatorIS2_EEE6secondEv
FN:2285,_ZNSt3__117__compressed_pairIP11GrammarRuleRNS_9allocatorIS1_EEE6secondEv
FN:2285,_ZNSt3__117__compressed_pairIP11GrammarRuleNS_9allocatorIS1_EEE6secondEv
FN:2290,_ZNKSt3__117__compressed_pairIP11GrammarRuleNS_9allocatorIS1_EEE6secondEv
FN:2290,_ZNKSt3__117__compressed_pairIPN11GrammarRule6SymbolENS_9allocatorIS2_EEE6secondEv
FNDA:528,_ZNSt3__1L16__to_raw_pointerI11GrammarRuleEEPT_S3_
FNDA:0,_ZNSt3__1L16__to_raw_pointerIN11GrammarRule6SymbolEEEPT_S4_
FNDA:34,_ZNSt3__116allocator_traitsINS_9allocatorI11GrammarRuleEEE8allocateERS3_m
FNDA:0,_ZNSt3__116allocator_traitsINS_9allocatorIN11GrammarRule6SymbolEEEE8allocateERS4_m
FNDA:0,_ZNSt3__116allocator_traitsINS_9allocatorIN11GrammarRule6SymbolEEEE10deallocateERS4_PS3_m
FNDA:26,_ZNSt3__116allocator_traitsINS_9allocatorI11GrammarRuleEEE10deallocateERS3_PS2_m
FNDA:39,_ZNSt3__116allocator_traitsINS_9allocatorI11GrammarRuleEEE9constructIS2_JRKNS_12basic_stringIcNS_11char_traitsIcEENS1_IcEEEEEEEvRS3_PT_DpOT0_
FNDA:132,_ZNSt3__116allocator_traitsINS_9allocatorI11GrammarRuleEEE9constructIS2_JRKS2_EEEvRS3_PT_DpOT0_
FNDA:0,_ZNSt3__116allocator_traitsINS_9allocatorIN11GrammarRule6SymbolEEEE7destroyIS3_EEvRS4_PT_
FNDA:85,_ZNSt3__116allocator_traitsINS_9allocatorI11GrammarRuleEEE7destroyIS2_EEvRS3_PT_
FNDA:0,_ZNSt3__116allocator_traitsINS_9allocatorI11GrammarRuleEEE8max_sizeERKS3_
FNDA:0,_ZNSt3__116allocator_traitsINS_9allocatorIN11GrammarRule6SymbolEEEE8max_sizeERKS4_
FNDA:0,_ZNSt3__116allocator_traitsINS_9allocatorIN11GrammarRule6SymbolEEEE37select_on_container_copy_constructionERKS4_
FNDA:0,_ZNSt3__116allocator_traitsINS_9allocatorIN11GrammarRule6SymbolEEEE25__construct_range_forwardIS3_S3_S3_S3_EENS_9enable_ifIXaaaasr31is_trivially_move_constructibleIT0_EE5valuesr7is_sameIT1_T2_EE5valueooL_ZNS_17integral_constantIbLb1EE5valueEEntsr15__has_constructIS4_PS8_RT_EE5valueEvE4typeERS4_PSE_SJ_RSD_
FNDA:34,_ZNSt3__116allocator_traitsINS_9allocatorI11GrammarRuleEEE20__construct_backwardIPS2_EEvRS3_T_S8_RS8_
FNDA:39,_ZNSt3__116allocator_traitsINS_9allocatorI11GrammarRuleEEE11__constructIS2_JRKNS_12basic_stringIcNS_11char_traitsIcEENS1_IcEEEEEEEvNS_17integral_constantIbLb1EEERS3_PT_DpOT0_
FNDA:132,_ZNSt3__116allocator_traitsINS_9allocatorI11GrammarRuleEEE11__constructIS2_JRKS2_EEEvNS_17integral_constantIbLb1EEERS3_PT_DpOT0_
FNDA:0,_ZNSt3__116allocator_traitsINS_9allocatorIN11GrammarRule6SymbolEEEE9__destroyIS3_EEvNS_17integral_constantIbLb1EEERS4_PT_
FNDA:85,_ZNSt3__116allocator_traitsINS_9allocatorI11GrammarRuleEEE9__destroyIS2_EEvNS_17integral_constantIbLb1EEERS3_PT_
FNDA:0,_ZNSt3__116allocator_traitsINS_9allocatorI11GrammarRuleEEE10__max_sizeENS_17integral_constantIbLb1EEERKS3_
FNDA:0,_ZNSt3__116allocator_traitsINS_9allocatorIN11GrammarRule6SymbolEEEE10__max_sizeENS_17integral_constantIbLb1EEERKS4_
FNDA:0,_ZNSt3__116allocator_traitsINS_9allocatorIN11GrammarRule6SymbolEEEE39__select_on_container_copy_constructionENS_17integral_constantIbLb0EEERKS4_
FNDA:34,_ZNSt3__19allocatorI11GrammarRuleE8allocateEmPKv
FNDA:0,_ZNSt3__19allocatorIN11GrammarRule6SymbolEE8allocateEmPKv
FNDA:0,_ZNSt3__19allocatorIN11GrammarRule6SymbolEE10deallocateEPS2_m
FNDA:26,_ZNSt3__19allocatorI11GrammarRuleE10deallocateEPS1_m
FNDA:34,_ZNKSt3__19allocatorI11GrammarRuleE8max_sizeEv
FNDA:0,_ZNKSt3__19allocatorIN11GrammarRule6SymbolEE8max_sizeEv
FNDA:39,_ZNSt3__19allocatorI11GrammarRuleE9constructIS1_JRKNS_12basic_stringIcNS_11char_traitsIcEENS0_IcEEEEEEEvPT_DpOT0_
FNDA:132,_ZNSt3__19allocatorI11GrammarRuleE9constructIS1_JRKS1_EEEvPT_DpOT0_
FNDA:0,_ZNSt3__19allocatorIN11GrammarRule6SymbolEE7destroyEPS2_
FNDA:85,_ZNSt3__19allocatorI11GrammarRuleE7destroyEPS1_
FNDA:34,_ZNSt3__122__compressed_pair_elemIP11GrammarRuleLi0ELb0EEC2IDnvEEOT_
FNDA:34,_ZNSt3__122__compressed_pair_elemIRNS_9allocatorI11GrammarRuleEELi1ELb0EEC2IS4_vEEOT_
FNDA:0,_ZNSt3__122__compressed_pair_elemIPN11GrammarRule6SymbolELi0ELb0EEC2IDnvEEOT_
FNDA:188,_ZNSt3__122__compressed_pair_elemIP11GrammarRuleLi0ELb0EE5__getEv
FNDA:145,_ZNSt3__122__compressed_pair_elemIRNS_9allocatorI11GrammarRuleEELi1ELb0EE5__getEv
FNDA:0,_ZNSt3__122__compressed_pair_elemIPN11GrammarRule6SymbolELi0ELb0EE5__getEv
FNDA:196,_ZNKSt3__122__compressed_pair_elemIP11GrammarRuleLi0ELb0EE5__getEv
FNDA:0,_ZNKSt3__122__compressed_pair_elemIPN11GrammarRule6SymbolELi0ELb0EE5__getEv
FNDA:0,_ZNSt3__122__compressed_pair_elemINS_9allocatorIN11GrammarRule6SymbolEEELi1ELb1EEC2IS4_vEEOT_
FNDA:120,_ZNSt3__122__compressed_pair_elemINS_9allocatorI11GrammarRuleEELi1ELb1EE5__getEv
FNDA:0,_ZNSt3__122__compressed_pair_elemINS_9allocatorIN11GrammarRule6SymbolEEELi1ELb1EE5__getEv
FNDA:0,_ZNKSt3__122__compressed_pair_elemINS_9allocatorI11GrammarRuleEELi1ELb1EE5__getEv
FNDA:0,_ZNKSt3__122__compressed_pair_elemINS_9allocatorIN11GrammarRule6SymbolEEELi1ELb1EE5__getEv
FNDA:34,_ZNSt3__117__compressed_pairIP11GrammarRuleRNS_9allocatorIS1_EEEC1IDnS5_EEOT_OT0_
FNDA:34,_ZNSt3__117__compressed_pairIP11GrammarRuleRNS_9allocatorIS1_EEEC2IDnS5_EEOT_OT0_
FNDA:0,_ZNSt3__117__compressed_pairIPN11GrammarRule6SymbolENS_9allocatorIS2_EEEC1IDnS5_EEOT_OT0_
FNDA:0,_ZNSt3__117__compressed_pairIPN11GrammarRule6SymbolENS_9allocatorIS2_EEEC2IDnS5_EEOT_OT0_
FNDA:120,_ZNSt3__117__compressed_pairIP11GrammarRuleNS_9allocatorIS1_EEE5firstEv
FNDA:68,_ZNSt3__117__compressed_pairIP11GrammarRuleRNS_9allocatorIS1_EEE5firstEv
FNDA:0,_ZNSt3__117__compressed_pairIPN11GrammarRule6SymbolENS_9allocatorIS2_EEE5firstEv
FNDA:170,_ZNKSt3__117__compressed_pairIP11GrammarRuleNS_9allocatorIS1_EEE5firstEv
FNDA:0,_ZNKSt3__117__compressed_pairIPN11GrammarRule6SymbolENS_9allocatorIS2_EEE5firstEv
FNDA:26,_ZNKSt3__117__compressed_pairIP11GrammarRuleRNS_9allocatorIS1_EEE5firstEv
FNDA:120,_ZNSt3__117__compressed_pairIP11GrammarRuleNS_9allocatorIS1_EEE6secondEv
FNDA:145,_ZNSt3__117__compressed_pairIP11GrammarRuleRNS_9allocatorIS1_EEE6secondEv
FNDA:0,_ZNSt3__117__compressed_pairIPN11GrammarRule6SymbolENS_9allocatorIS2_EEE6secondEv
FNDA:0,_ZNKSt3__117__compressed_pairIP11GrammarRuleNS_9allocatorIS1_EEE6secondEv
FNDA:0,_ZNKSt3__117__compressed_pairIPN11GrammarRule6SymbolENS_9allocatorIS2_EEE6secondEv
FNF:60
FNH:30
DA:1107,528
DA:1546,34
DA:1554,26
DA:1560,342
DA:1561,342
DA:1595,85
DA:1599,0
DA:1604,0
DA:1605,0
DA:1606,0
DA:1663,0
DA:1664,0
DA:1666,0
DA:1667,0
DA:1668,0
DA:1669,0
DA:1677,238
DA:1679,85
DA:1680,85
DA:1682,34
DA:1717,171
DA:1742,85
DA:1752,0
DA:1764,0
DA:1810,34
DA:1811,0
DA:1813,34
DA:1816,52
DA:1818,34
DA:1825,171
DA:1826,171
DA:1880,85
DA:2147,68
DA:2160,333
DA:2162,196
DA:2184,0
DA:2198,120
DA:2200,0
DA:2247,68
DA:2276,188
DA:2281,196
DA:2286,265
DA:2291,0
LF:43
LH:27
end_of_record
SF:/Library/Developer/CommandLineTools/usr/include/c++/v1/new
FN:228,_ZNSt3__1L24__is_overaligned_for_newEm
FN:236,_ZNSt3__1L17__libcpp_allocateEmm
FN:256,_ZNSt3__1L19__libcpp_deallocateEPvm
FNDA:60,_ZNSt3__1L24__is_overaligned_for_newEm
FNDA:34,_ZNSt3__1L17__libcpp_allocateEmm
FNDA:26,_ZNSt3__1L19__libcpp_deallocateEPvm
FNF:3
FNH:3
DA:230,60
DA:238,34
DA:239,0
DA:243,0
DA:252,34
DA:254,34
DA:258,26
DA:259,0
DA:263,0
DA:272,26
DA:274,26
LF:11
LH:7
end_of_record
SF:/Library/Developer/CommandLineTools/usr/include/c++/v1/stdexcept
FN:136,_ZNSt12length_errorC1EPKc
FN:136,_ZNSt12length_errorC2EPKc
FN:222,_ZNSt3__1L20__throw_length_errorEPKc
FNDA:0,_ZNSt12length_errorC1EPKc
FNDA:0,_ZNSt12length_errorC2EPKc
FNDA:0,_ZNSt3__1L20__throw_length_errorEPKc
FNF:3
FNH:0
DA:136,0
DA:225,0
DA:230,0
LF:3
LH:0
end_of_record
SF:/Library/Developer/CommandLineTools/usr/include/c++/v1/type_traits
FN:2288,_ZNSt3__1L4moveIR11GrammarRuleEEONS_16remove_referenceIT_E4typeEOS4_
FN:2288,_ZNSt3__1L4moveIRP11GrammarRuleEEONS_16remove_referenceIT_E4typeEOS5_
FN:2288,_ZNSt3__1L4moveIRNS_9allocatorIN11GrammarRule6SymbolEEEEEONS_16remove_referenceIT_E4typeEOS7_
FN:2297,_ZNSt3__1L7forwardINS_9allocatorIN11GrammarRule6SymbolEEEEEOT_RNS_16remove_referenceIS5_E4typeE
FN:2297,_ZNSt3__1L7forwardIRK11GrammarRuleEEOT_RNS_16remove_referenceIS4_E4typeE
FN:2297,_ZNSt3__1L7forwardIRKNS_12basic_stringIcNS_11char_traitsIcEENS_9allocatorIcEEEEEEOT_RNS_16remove_referenceIS9_E4typeE
FN:2297,_ZNSt3__1L7forwardIDnEEOT_RNS_16remove_referenceIS1_E4typeE
FN:2297,_ZNSt3__1L7forwardIRNS_9allocatorI11GrammarRuleEEEEOT_RNS_16remove_referenceIS5_E4typeE
FN:4501,_ZNSt3__1L4swapIP11GrammarRuleEENS_9enable_ifIXaasr21is_move_constructibleIT_EE5valuesr18is_move_assignableIS4_EE5valueEvE4typeERS4_S7_
FNDA:0,_ZNSt3__1L4moveIRNS_9allocatorIN11GrammarRule6SymbolEEEEEONS_16remove_referenceIT_E4typeEOS7_
FNDA:85,_ZNSt3__1L4moveIR11GrammarRuleEEONS_16remove_referenceIT_E4typeEOS4_
FNDA:306,_ZNSt3__1L4moveIRP11GrammarRuleEEONS_16remove_referenceIT_E4typeEOS5_
FNDA:182,_ZNSt3__1L7forwardIRKNS_12basic_stringIcNS_11char_traitsIcEENS_9allocatorIcEEEEEEOT_RNS_16remove_referenceIS9_E4typeE
FNDA:68,_ZNSt3__1L7forwardIDnEEOT_RNS_16remove_referenceIS1_E4typeE
FNDA:68,_ZNSt3__1L7forwardIRNS_9allocatorI11GrammarRuleEEEEOT_RNS_16remove_referenceIS5_E4typeE
FNDA:404,_ZNSt3__1L7forwardIRK11GrammarRuleEEOT_RNS_16remove_referenceIS4_E4typeE
FNDA:0,_ZNSt3__1L7forwardINS_9allocatorIN11GrammarRule6SymbolEEEEEOT_RNS_16remove_referenceIS5_E4typeE
FNDA:102,_ZNSt3__1L4swapIP11GrammarRuleEENS_9enable_ifIXaasr21is_move_constructibleIT_EE5valuesr18is_move_assignableIS4_EE5valueEvE4typeERS4_S7_
FNF:9
FNH:7
DA:2291,391
DA:2299,722
DA:4504,102
DA:4505,102
DA:4506,102
DA:4507,102
LF:6
LH:6
end_of_record
SF:/Library/Developer/CommandLineTools/usr/include/c++/v1/utility
FN:287,_ZNSt3__1L16move_if_noexceptI11GrammarRuleEENS_11conditionalIXaantsr29is_nothrow_move_constructibleIT_EE5valuesr21is_copy_constructibleIS3_EE5valueERKS3_OS3_E4typeERS3_
FNDA:85,_ZNSt3__1L16move_if_noexceptI11GrammarRuleEENS_11conditionalIXaantsr29is_nothrow_move_constructibleIT_EE5valuesr21is_copy_constructibleIS3_EE5valueERKS3_OS3_E4typeERS3_
FNF:1
FNH:1
DA:289,85
LF:1
LH:1
end_of_record
SF:/Library/Developer/CommandLineTools/usr/include/c++/v1/vector
FN:298,_ZNSt3__120__vector_base_commonILb1EEC2Ev
FN:342,_ZNSt3__113__vector_baseIN11GrammarRule6SymbolENS_9allocatorIS2_EEE7__allocEv
FN:342,_ZNSt3__113__vector_baseI11GrammarRuleNS_9allocatorIS1_EEE7__allocEv
FN:345,_ZNKSt3__113__vector_baseIN11GrammarRule6SymbolENS_9allocatorIS2_EEE7__allocEv
FN:345,_ZNKSt3__113__vector_baseI11GrammarRuleNS_9allocatorIS1_EEE7__allocEv
FN:348,_ZNSt3__113__vector_baseIN11GrammarRule6SymbolENS_9allocatorIS2_EEE9__end_capEv
FN:348,_ZNSt3__113__vector_baseI11GrammarRuleNS_9allocatorIS1_EEE9__end_capEv
FN:351,_ZNKSt3__113__vector_baseI11GrammarRuleNS_9allocatorIS1_EEE9__end_capEv
FN:351,_ZNKSt3__113__vector_baseIN11GrammarRule6SymbolENS_9allocatorIS2_EEE9__end_capEv
FN:364,_ZNSt3__113__vector_baseIN11GrammarRule6SymbolENS_9allocatorIS2_EEE5clearEv
FN:366,_ZNKSt3__113__vector_baseIN11GrammarRule6SymbolENS_9allocatorIS2_EEE8capacityEv
FN:366,_ZNKSt3__113__vector_baseI11GrammarRuleNS_9allocatorIS1_EEE8capacityEv
FN:417,_ZNSt3__113__vector_baseIN11GrammarRule6SymbolENS_9allocatorIS2_EEE17__destruct_at_endEPS2_
[...]
FN:417,_ZNSt3__113__vector_baseI11GrammarRuleNS_9allocatorIS1_EEE17__destruct_at_endEPS1_
FN:417,_ZNSt3__113__vector_baseINS_3setI9SituationNS_4lessIS2_EENS_9allocatorIS2_EEEENS5_IS7_EEE17__destruct_at_endEPS7_
FN:417,_ZNSt3__113__vector_baseIN11GrammarRule6SymbolENS_9allocatorIS2_EEE17__destruct_at_endEPS2_
FN:447,_ZNSt3__113__vector_baseIN11GrammarRule6SymbolENS_9allocatorIS2_EEEC2EOS4_
FN:454,_ZNSt3__113__vector_baseIN11GrammarRule6SymbolENS_9allocatorIS2_EEED2Ev
FN:464,_ZNSt3__16vectorIN11GrammarRule6SymbolENS_9allocatorIS2_EEED1Ev
FN:464,_ZNSt3__16vectorIN11GrammarRule6SymbolENS_9allocatorIS2_EEED2Ev
FN:649,_ZNKSt3__16vectorI11GrammarRuleNS_9allocatorIS1_EEE4sizeEv
FN:649,_ZNKSt3__16vectorIN11GrammarRule6SymbolENS_9allocatorIS2_EEE4sizeEv
FN:649,_ZNKSt3__16vectorINS_3setI9SituationNS_4lessIS2_EENS_9allocatorIS2_EEEENS5_IS7_EEE4sizeEv
FN:652,_ZNKSt3__16vectorINS_3setI9SituationNS_4lessIS2_EENS_9allocatorIS2_EEEENS5_IS7_EEE8capacityEv
FN:652,_ZNKSt3__16vectorI11GrammarRuleNS_9allocatorIS1_EEE8capacityEv
FN:652,_ZNKSt3__16vectorIN11GrammarRule6SymbolENS_9allocatorIS2_EEE8capacityEv
FN:691,_ZNKSt3__16vectorINS_3setI9SituationNS_4lessIS2_EENS_9allocatorIS2_EEEENS5_IS7_EEE4dataEv
FN:691,_ZNKSt3__16vectorI11GrammarRuleNS_9allocatorIS1_EEE4dataEv
FN:691,_ZNKSt3__16vectorIN11GrammarRule6SymbolENS_9allocatorIS2_EEE4dataEv
FN:763,_ZNSt3__16vectorINS_3setI9SituationNS_4lessIS2_EENS_9allocatorIS2_EEEENS5_IS7_EEE5clearEv
FN:763,_ZNSt3__16vectorIN11GrammarRule6SymbolENS_9allocatorIS2_EEE5clearEv
FN:763,_ZNSt3__16vectorI11GrammarRuleNS_9allocatorIS1_EEE5clearEv
FN:823,_ZNSt3__16vectorIN11GrammarRule6SymbolENS_9allocatorIS2_EEE17__destruct_at_endEPS2_
FN:823,_ZNSt3__16vectorI11GrammarRuleNS_9allocatorIS1_EEE17__destruct_at_endEPS1_
FN:823,_ZNSt3__16vectorINS_3setI9SituationNS_4lessIS2_EENS_9allocatorIS2_EEEENS5_IS7_EEE17__destruct_at_endEPS7_
FN:855,_ZNKSt3__16vectorI11GrammarRuleNS_9allocatorIS1_EEE31__annotate_contiguous_containerEPKvS6_S6_S6_
FN:855,_ZNKSt3__16vectorINS_3setI9SituationNS_4lessIS2_EENS_9allocatorIS2_EEEENS5_IS7_EEE31__annotate_contiguous_containerEPKvSB_SB_SB_
FN:855,_ZNKSt3__16vectorIN11GrammarRule6SymbolENS_9allocatorIS2_EEE31__annotate_contiguous_containerEPKvS7_S7_S7_
FN:859,_ZNKSt3__16vectorINS_3setI9SituationNS_4lessIS2_EENS_9allocatorIS2_EEEENS5_IS7_EEE14__annotate_newEm
FN:859,_ZNKSt3__16vectorI11GrammarRuleNS_9allocatorIS1_EEE14__annotate_newEm
FN:859,_ZNKSt3__16vectorIN11GrammarRule6SymbolENS_9allocatorIS2_EEE14__annotate_newEm
FN:865,_ZNKSt3__16vectorINS_3setI9SituationNS_4lessIS2_EENS_9allocatorIS2_EEEENS5_IS7_EEE17__annotate_deleteEv
FN:878,_ZNKSt3__16vectorINS_3setI9SituationNS_4lessIS2_EENS_9allocatorIS2_EEEENS5_IS7_EEE17__annotate_shrinkEm
FN:878,_ZNKSt3__16vectorI11GrammarRuleNS_9allocatorIS1_EEE17__annotate_shrinkEm
FN:878,_ZNKSt3__16vectorIN11GrammarRule6SymbolENS_9allocatorIS2_EEE17__annotate_shrinkEm
FN:903,_ZNSt3__16vectorIN11GrammarRule6SymbolENS_9allocatorIS2_EEE24__RAII_IncreaseAnnotatorC2ERKS5_m
FN:903,_ZNSt3__16vectorI11GrammarRuleNS_9allocatorIS1_EEE24__RAII_IncreaseAnnotatorC1ERKS4_m
FN:903,_ZNSt3__16vectorINS_3setI9SituationNS_4lessIS2_EENS_9allocatorIS2_EEEENS5_IS7_EEE24__RAII_IncreaseAnnotatorC2ERKS9_m
FN:903,_ZNSt3__16vectorINS_3setI9SituationNS_4lessIS2_EENS_9allocatorIS2_EEEENS5_IS7_EEE24__RAII_IncreaseAnnotatorC1ERKS9_m
FN:903,_ZNSt3__16vectorI11GrammarRuleNS_9allocatorIS1_EEE24__RAII_IncreaseAnnotatorC2ERKS4_m
FN:903,_ZNSt3__16vectorIN11GrammarRule6SymbolENS_9allocatorIS2_EEE24__RAII_IncreaseAnnotatorC1ERKS5_m
FN:904,_ZNSt3__16vectorINS_3setI9SituationNS_4lessIS2_EENS_9allocatorIS2_EEEENS5_IS7_EEE24__RAII_IncreaseAnnotator6__doneEv
FN:904,_ZNSt3__16vectorIN11GrammarRule6SymbolENS_9allocatorIS2_EEE24__RAII_IncreaseAnnotator6__doneEv
FN:904,_ZNSt3__16vectorI11GrammarRuleNS_9allocatorIS1_EEE24__RAII_IncreaseAnnotator6__doneEv
FN:928,_ZNSt3__16vectorINS_3setI9SituationNS_4lessIS2_EENS_9allocatorIS2_EEEENS5_IS7_EEE26__swap_out_circular_bufferERNS_14__split_bufferIS7_RS8_EE
FN:966,_ZNSt3__16vectorIN11GrammarRule6SymbolENS_9allocatorIS2_EEE11__vallocateEm
FN:966,_ZNSt3__16vectorI11GrammarRuleNS_9allocatorIS1_EEE11__vallocateEm
FN:977,_ZNSt3__16vectorI11GrammarRuleNS_9allocatorIS1_EEE13__vdeallocateEv
FN:977,_ZNSt3__16vectorIN11GrammarRule6SymbolENS_9allocatorIS2_EEE13__vdeallocateEv
FN:989,_ZNKSt3__16vectorIN11GrammarRule6SymbolENS_9allocatorIS2_EEE8max_sizeEv
FN:989,_ZNKSt3__16vectorINS_3setI9SituationNS_4lessIS2_EENS_9allocatorIS2_EEEENS5_IS7_EEE8max_sizeEv
FN:989,_ZNKSt3__16vectorI11GrammarRuleNS_9allocatorIS1_EEE8max_sizeEv
FN:999,_ZNKSt3__16vectorIN11GrammarRule6SymbolENS_9allocatorIS2_EEE11__recommendEm
FN:999,_ZNKSt3__16vectorI11GrammarRuleNS_9allocatorIS1_EEE11__recommendEm
FN:999,_ZNKSt3__16vectorINS_3setI9SituationNS_4lessIS2_EENS_9allocatorIS2_EEEENS5_IS7_EEE11__recommendEm
FN:1017,_ZNSt3__16vectorINS_3setI9SituationNS_4lessIS2_EENS_9allocatorIS2_EEEENS5_IS7_EEE18__construct_at_endEm
FN:1059,_ZNSt3__16vectorI11GrammarRuleNS_9allocatorIS1_EEE18__construct_at_endIPS1_EENS_9enable_ifIXsr21__is_forward_iteratorIT_EE5valueEvE4typeES8_S8_m
FN:1059,_ZNSt3__16vectorIN11GrammarRule6SymbolENS_9allocatorIS2_EEE18__construct_at_endIPS2_EENS_9enable_ifIXsr21__is_forward_iteratorIT_EE5valueEvE4typeES9_S9_m
FN:1073,_ZNSt3__16vectorINS_3setI9SituationNS_4lessIS2_EENS_9allocatorIS2_EEEENS5_IS7_EEE8__appendEm
FN:1236,_ZNSt3__16vectorIN11GrammarRule6SymbolENS_9allocatorIS2_EEEC2ERKS5_
FN:1236,_ZNSt3__16vectorIN11GrammarRule6SymbolENS_9allocatorIS2_EEEC1ERKS5_
FN:1387,_ZNSt3__16vectorI11GrammarRuleNS_9allocatorIS1_EEEaSERKS4_
FN:1387,_ZNSt3__16vectorIN11GrammarRule6SymbolENS_9allocatorIS2_EEEaSERKS5_
FN:1425,_ZNSt3__16vectorIN11GrammarRule6SymbolENS_9allocatorIS2_EEE6assignIPS2_EENS_9enable_ifIXaasr21__is_forward_iteratorIT_EE5valuesr16is_constructibleIS2_NS_15iterator_traitsIS9_E9referenceEEE5valueEvE4typeES9_S9_
FN:1425,_ZNSt3__16vectorI11GrammarRuleNS_9allocatorIS1_EEE6assignIPS1_EENS_9enable_ifIXaasr21__is_forward_iteratorIT_EE5valuesr16is_constructibleIS1_NS_15iterator_traitsIS8_E9referenceEEE5valueEvE4typeES8_S8_
FN:1478,_ZNSt3__16vectorI11GrammarRuleNS_9allocatorIS1_EEE11__make_iterEPS1_
FN:1502,_ZNSt3__16vectorI11GrammarRuleNS_9allocatorIS1_EEE5beginEv
FN:1518,_ZNSt3__16vectorI11GrammarRuleNS_9allocatorIS1_EEE3endEv
FN:1534,_ZNSt3__16vectorINS_3setI9SituationNS_4lessIS2_EENS_9allocatorIS2_EEEENS5_IS7_EEEixEm
FN:2037,_ZNSt3__16vectorINS_3setI9SituationNS_4lessIS2_EENS_9allocatorIS2_EEEENS5_IS7_EEE6resizeEm
FN:2139,_ZNSt3__16vectorIN11GrammarRule6SymbolENS_9allocatorIS2_EEE26__invalidate_all_iteratorsEv
FN:2139,_ZNSt3__16vectorI11GrammarRuleNS_9allocatorIS1_EEE26__invalidate_all_iteratorsEv
FN:2139,_ZNSt3__16vectorINS_3setI9SituationNS_4lessIS2_EENS_9allocatorIS2_EEEENS5_IS7_EEE26__invalidate_all_iteratorsEv
FN:2150,_ZNSt3__16vectorINS_3setI9SituationNS_4lessIS2_EENS_9allocatorIS2_EEEENS5_IS7_EEE27__invalidate_iterators_pastEPS7_
FN:2150,_ZNSt3__16vectorIN11GrammarRule6SymbolENS_9allocatorIS2_EEE27__invalidate_iterators_pastEPS2_
FN:2150,_ZNSt3__16vectorI11GrammarRuleNS_9allocatorIS1_EEE27__invalidate_iterators_pastEPS1_
FNDA:0,_ZNSt3__120__vector_base_commonILb1EEC2Ev
FNDA:0,_ZNSt3__113__vector_baseIN11GrammarRule6SymbolENS_9allocatorIS2_EEE7__allocEv
FNDA:39,_ZNSt3__113__vector_baseI11GrammarRuleNS_9allocatorIS1_EEE7__allocEv
FNDA:301,_ZNSt3__113__vector_baseINS_3setI9SituationNS_4lessIS2_EENS_9allocatorIS2_EEEENS5_IS7_EEE7__allocEv
FNDA:0,_ZNKSt3__113__vector_baseIN11GrammarRule6SymbolENS_9allocatorIS2_EEE7__allocEv
FNDA:0,_ZNKSt3__113__vector_baseI11GrammarRuleNS_9allocatorIS1_EEE7__allocEv
FNDA:17,_ZNKSt3__113__vector_baseINS_3setI9SituationNS_4lessIS2_EENS_9allocatorIS2_EEEENS5_IS7_EEE7__allocEv
FNDA:0,_ZNSt3__113__vector_baseIN11GrammarRule6SymbolENS_9allocatorIS2_EEE9__end_capEv
FNDA:0,_ZNSt3__113__vector_baseI11GrammarRuleNS_9allocatorIS1_EEE9__end_capEv
FNDA:64,_ZNSt3__113__vector_baseINS_3setI9SituationNS_4lessIS2_EENS_9allocatorIS2_EEEENS5_IS7_EEE9__end_capEv
FNDA:94,_ZNKSt3__113__vector_baseI11GrammarRuleNS_9allocatorIS1_EEE9__end_capEv
FNDA:0,_ZNKSt3__113__vector_baseIN11GrammarRule6SymbolENS_9allocatorIS2_EEE9__end_capEv
FNDA:132,_ZNKSt3__113__vector_baseINS_3setI9SituationNS_4lessIS2_EENS_9allocatorIS2_EEEENS5_IS7_EEE9__end_capEv
FNDA:0,_ZNSt3__113__vector_baseIN11GrammarRule6SymbolENS_9allocatorIS2_EEE5clearEv
FNDA:0,_ZNSt3__113__vector_baseI11GrammarRuleNS_9allocatorIS1_EEE5clearEv
FNDA:47,_ZNSt3__113__vector_baseINS_3setI9SituationNS_4lessIS2_EENS_9allocatorIS2_EEEENS5_IS7_EEE5clearEv
FNDA:94,_ZNKSt3__113__vector_baseI11GrammarRuleNS_9allocatorIS1_EEE8capacityEv
FNDA:0,_ZNKSt3__113__vector_baseIN11GrammarRule6SymbolENS_9allocatorIS2_EEE8capacityEv
FNDA:132,_ZNKSt3__113__vector_baseINS_3setI9SituationNS_4lessIS2_EENS_9allocatorIS2_EEEENS5_IS7_EEE8capacityEv
FNDA:47,_ZNSt3__113__vector_baseI11GrammarRuleNS_9allocatorIS1_EEE19__copy_assign_allocERKS4_
FNDA:0,_ZNSt3__113__vector_baseIN11GrammarRule6SymbolENS_9allocatorIS2_EEE19__copy_assign_allocERKS5_
FNDA:47,_ZNSt3__113__vector_baseI11GrammarRuleNS_9allocatorIS1_EEE19__copy_assign_allocERKS4_NS_17integral_constantIbLb0EEE
FNDA:0,_ZNSt3__113__vector_baseIN11GrammarRule6SymbolENS_9allocatorIS2_EEE19__copy_assign_allocERKS5_NS_17integral_constantIbLb0EEE
FNDA:0,_ZNSt3__113__vector_baseIN11GrammarRule6SymbolENS_9allocatorIS2_EEE17__destruct_at_endEPS2_
FNDA:39,_ZNSt3__113__vector_baseI11GrammarRuleNS_9allocatorIS1_EEE17__destruct_at_endEPS1_
FNDA:47,_ZNSt3__113__vector_baseINS_3setI9SituationNS_4lessIS2_EENS_9allocatorIS2_EEEENS5_IS7_EEE17__destruct_at_endEPS7_
FNDA:0,_ZNSt3__113__vector_baseIN11GrammarRule6SymbolENS_9allocatorIS2_EEEC2EOS4_
FNDA:0,_ZNSt3__113__vector_baseIN11GrammarRule6SymbolENS_9allocatorIS2_EEED2Ev
FNDA:0,_ZNSt3__16vectorIN11GrammarRule6SymbolENS_9allocatorIS2_EEED1Ev
FNDA:0,_ZNSt3__16vectorIN11GrammarRule6SymbolENS_9allocatorIS2_EEED2Ev
FNDA:117,_ZNKSt3__16vectorI11GrammarRuleNS_9allocatorIS1_EEE4sizeEv
FNDA:0,_ZNKSt3__16vectorIN11GrammarRule6SymbolENS_9allocatorIS2_EEE4sizeEv
FNDA:209,_ZNKSt3__16vectorINS_3setI9SituationNS_4lessIS2_EENS_9allocatorIS2_EEEENS5_IS7_EEE4sizeEv
FNDA:94,_ZNKSt3__16vectorI11GrammarRuleNS_9allocatorIS1_EEE8capacityEv
FNDA:0,_ZNKSt3__16vectorIN11GrammarRule6SymbolENS_9allocatorIS2_EEE8capacityEv
FNDA:132,_ZNKSt3__16vectorINS_3setI9SituationNS_4lessIS2_EENS_9allocatorIS2_EEEENS5_IS7_EEE8capacityEv
FNDA:0,_ZNKSt3__16vectorIN11GrammarRule6SymbolENS_9allocatorIS2_EEE4dataEv
FNDA:156,_ZNKSt3__16vectorI11GrammarRuleNS_9allocatorIS1_EEE4dataEv
FNDA:324,_ZNKSt3__16vectorINS_3setI9SituationNS_4lessIS2_EENS_9allocatorIS2_EEEENS5_IS7_EEE4dataEv
FNDA:47,_ZNSt3__16vectorINS_3setI9SituationNS_4lessIS2_EENS_9allocatorIS2_EEEENS5_IS7_EEE5clearEv
FNDA:0,_ZNSt3__16vectorIN11GrammarRule6SymbolENS_9allocatorIS2_EEE5clearEv
FNDA:0,_ZNSt3__16vectorI11GrammarRuleNS_9allocatorIS1_EEE5clearEv
FNDA:39,_ZNSt3__16vectorI11GrammarRuleNS_9allocatorIS1_EEE17__destruct_at_endEPS1_
FNDA:0,_ZNSt3__16vectorIN11GrammarRule6SymbolENS_9allocatorIS2_EEE17__destruct_at_endEPS2_
FNDA:0,_ZNSt3__16vectorINS_3setI9SituationNS_4lessIS2_EENS_9allocatorIS2_EEEENS5_IS7_EEE17__destruct_at_endEPS7_
FNDA:0,_ZNKSt3__16vectorIN11GrammarRule6SymbolENS_9allocatorIS2_EEE31__annotate_contiguous_containerEPKvS7_S7_S7_
FNDA:39,_ZNKSt3__16vectorI11GrammarRuleNS_9allocatorIS1_EEE31__annotate_contiguous_containerEPKvS6_S6_S6_
FNDA:81,_ZNKSt3__16vectorINS_3setI9SituationNS_4lessIS2_EENS_9allocatorIS2_EEEENS5_IS7_EEE31__annotate_contiguous_containerEPKvSB_SB_SB_
FNDA:0,_ZNKSt3__16vectorIN11GrammarRule6SymbolENS_9allocatorIS2_EEE14__annotate_newEm
FNDA:0,_ZNKSt3__16vectorI11GrammarRuleNS_9allocatorIS1_EEE14__annotate_newEm
FNDA:17,_ZNKSt3__16vectorINS_3setI9SituationNS_4lessIS2_EENS_9allocatorIS2_EEEENS5_IS7_EEE14__annotate_newEm
FNDA:17,_ZNKSt3__16vectorINS_3setI9SituationNS_4lessIS2_EENS_9allocatorIS2_EEEENS5_IS7_EEE17__annotate_deleteEv
FNDA:0,_ZNKSt3__16vectorIN11GrammarRule6SymbolENS_9allocatorIS2_EEE17__annotate_shrinkEm
FNDA:39,_ZNKSt3__16vectorI11GrammarRuleNS_9allocatorIS1_EEE17__annotate_shrinkEm
FNDA:47,_ZNKSt3__16vectorINS_3setI9SituationNS_4lessIS2_EENS_9allocatorIS2_EEEENS5_IS7_EEE17__annotate_shrinkEm
FNDA:0,_ZNSt3__16vectorIN11GrammarRule6SymbolENS_9allocatorIS2_EEE24__RAII_IncreaseAnnotatorC1ERKS5_m
FNDA:0,_ZNSt3__16vectorIN11GrammarRule6SymbolENS_9allocatorIS2_EEE24__RAII_IncreaseAnnotatorC2ERKS5_m
FNDA:0,_ZNSt3__16vectorI11GrammarRuleNS_9allocatorIS1_EEE24__RAII_IncreaseAnnotatorC1ERKS4_m
FNDA:0,_ZNSt3__16vectorI11GrammarRuleNS_9allocatorIS1_EEE24__RAII_IncreaseAnnotatorC2ERKS4_m
FNDA:130,_ZNSt3__16vectorINS_3setI9SituationNS_4lessIS2_EENS_9allocatorIS2_EEEENS5_IS7_EEE24__RAII_IncreaseAnnotatorC1ERKS9_m
FNDA:130,_ZNSt3__16vectorINS_3setI9SituationNS_4lessIS2_EENS_9allocatorIS2_EEEENS5_IS7_EEE24__RAII_IncreaseAnnotatorC2ERKS9_m
FNDA:0,_ZNSt3__16vectorIN11GrammarRule6SymbolENS_9allocatorIS2_EEE24__RAII_IncreaseAnnotator6__doneEv
FNDA:0,_ZNSt3__16vectorI11GrammarRuleNS_9allocatorIS1_EEE24__RAII_IncreaseAnnotator6__doneEv
FNDA:130,_ZNSt3__16vectorINS_3setI9SituationNS_4lessIS2_EENS_9allocatorIS2_EEEENS5_IS7_EEE24__RAII_IncreaseAnnotator6__doneEv
FNDA:17,_ZNSt3__16vectorINS_3setI9SituationNS_4lessIS2_EENS_9allocatorIS2_EEEENS5_IS7_EEE26__swap_out_circular_bufferERNS_14__split_bufferIS7_RS8_EE
FNDA:0,_ZNSt3__16vectorI11GrammarRuleNS_9allocatorIS1_EEE11__vallocateEm
FNDA:0,_ZNSt3__16vectorIN11GrammarRule6SymbolENS_9allocatorIS2_EEE11__vallocateEm
FNDA:8,_ZNSt3__16vectorI11GrammarRuleNS_9allocatorIS1_EEE13__vdeallocateEv
FNDA:0,_ZNSt3__16vectorIN11GrammarRule6SymbolENS_9allocatorIS2_EEE13__vdeallocateEv
FNDA:0,_ZNKSt3__16vectorIN11GrammarRule6SymbolENS_9allocatorIS2_EEE8max_sizeEv
FNDA:0,_ZNKSt3__16vectorI11GrammarRuleNS_9allocatorIS1_EEE8max_sizeEv
FNDA:17,_ZNKSt3__16vectorINS_3setI9SituationNS_4lessIS2_EENS_9allocatorIS2_EEEENS5_IS7_EEE8max_sizeEv
FNDA:8,_ZNKSt3__16vectorI11GrammarRuleNS_9allocatorIS1_EEE11__recommendEm
FNDA:0,_ZNKSt3__16vectorIN11GrammarRule6SymbolENS_9allocatorIS2_EEE11__recommendEm
FNDA:17,_ZNKSt3__16vectorINS_3setI9SituationNS_4lessIS2_EENS_9allocatorIS2_EEEENS5_IS7_EEE11__recommendEm
FNDA:30,_ZNSt3__16vectorINS_3setI9SituationNS_4lessIS2_EENS_9allocatorIS2_EEEENS5_IS7_EEE18__construct_at_endEm
FNDA:0,_ZNSt3__16vectorI11GrammarRuleNS_9allocatorIS1_EEE18__construct_at_endIPS1_EENS_9enable_ifIXsr21__is_forward_iteratorIT_EE5valueEvE4typeES8_S8_m
FNDA:0,_ZNSt3__16vectorIN11GrammarRule6SymbolENS_9allocatorIS2_EEE18__construct_at_endIPS2_EENS_9enable_ifIXsr21__is_forward_iteratorIT_EE5valueEvE4typeES9_S9_m
FNDA:47,_ZNSt3__16vectorINS_3setI9SituationNS_4lessIS2_EENS_9allocatorIS2_EEEENS5_IS7_EEE8__appendEm
FNDA:0,_ZNSt3__16vectorIN11GrammarRule6SymbolENS_9allocatorIS2_EEEC1ERKS5_
FNDA:0,_ZNSt3__16vectorIN11GrammarRule6SymbolENS_9allocatorIS2_EEEC2ERKS5_
FNDA:47,_ZNSt3__16vectorI11GrammarRuleNS_9allocatorIS1_EEEaSERKS4_
FNDA:0,_ZNSt3__16vectorIN11GrammarRule6SymbolENS_9allocatorIS2_EEEaSERKS5_
FNDA:47,_ZNSt3__16vectorI11GrammarRuleNS_9allocatorIS1_EEE6assignIPS1_EENS_9enable_ifIXaasr21__is_forward_iteratorIT_EE5valuesr16is_constructibleIS1_NS_15iterator_traitsIS8_E9referenceEEE5valueEvE4typeES8_S8_
FNDA:0,_ZNSt3__16vectorIN11GrammarRule6SymbolENS_9allocatorIS2_EEE6assignIPS2_EENS_9enable_ifIXaasr21__is_forward_iteratorIT_EE5valuesr16is_constructibleIS2_NS_15iterator_traitsIS9_E9referenceEEE5valueEvE4typeES9_S9_
FNDA:3014,_ZNSt3__16vectorI11GrammarRuleNS_9allocatorIS1_EEE11__make_iterEPS1_
FNDA:1507,_ZNSt3__16vectorI11GrammarRuleNS_9allocatorIS1_EEE5beginEv
FNDA:1507,_ZNSt3__16vectorI11GrammarRuleNS_9allocatorIS1_EEE3endEv
FNDA:14100,_ZNSt3__16vectorINS_3setI9SituationNS_4lessIS2_EENS_9allocatorIS2_EEEENS5_IS7_EEEixEm
FNDA:47,_ZNSt3__16vectorINS_3setI9SituationNS_4lessIS2_EENS_9allocatorIS2_EEEENS5_IS7_EEE6resizeEm
FNDA:47,_ZNSt3__16vectorI11GrammarRuleNS_9allocatorIS1_EEE26__invalidate_all_iteratorsEv
FNDA:0,_ZNSt3__16vectorIN11GrammarRule6SymbolENS_9allocatorIS2_EEE26__invalidate_all_iteratorsEv
FNDA:64,_ZNSt3__16vectorINS_3setI9SituationNS_4lessIS2_EENS_9allocatorIS2_EEEENS5_IS7_EEE26__invalidate_all_iteratorsEv
FNDA:0,_ZNSt3__16vectorIN11GrammarRule6SymbolENS_9allocatorIS2_EEE27__invalidate_iterators_pastEPS2_
FNDA:39,_ZNSt3__16vectorI11GrammarRuleNS_9allocatorIS1_EEE27__invalidate_iterators_pastEPS1_
FNDA:0,_ZNSt3__16vectorINS_3setI9SituationNS_4lessIS2_EENS_9allocatorIS2_EEEENS5_IS7_EEE27__invalidate_iterators_pastEPS7_
FNF:96
FNH:47
DA:298,0
DA:343,340
DA:346,17
DA:349,64
DA:352,226
DA:359,0
DA:364,47
DA:367,226
DA:374,47
DA:375,47
DA:399,47
DA:419,86
DA:420,724
DA:421,276
DA:422,86
DA:423,86
DA:448,0
DA:449,0
DA:450,0
DA:456,0
DA:458,0
DA:459,0
DA:460,0
DA:461,0
DA:464,0
DA:650,326
DA:653,226
DA:692,480
DA:765,47
DA:766,47
DA:767,47
DA:768,47
DA:769,47
DA:825,39
DA:826,39
DA:827,39
DA:828,39
DA:829,39
DA:856,120
DA:860,34
DA:861,17
DA:862,17
DA:866,34
DA:867,17
DA:868,17
DA:880,172
DA:881,86
DA:882,86
DA:903,260
DA:904,130
DA:930,17
DA:931,17
DA:932,17
DA:933,17
DA:934,17
DA:935,17
DA:936,17
DA:937,17
DA:938,17
DA:968,0
DA:969,0
DA:970,0
DA:971,0
DA:972,0
DA:973,0
DA:979,8
DA:981,0
DA:982,0
DA:983,0
DA:984,0
DA:985,8
DA:991,51
DA:992,17
DA:1001,25
DA:1002,25
DA:1003,0
DA:1004,25
DA:1005,25
DA:1006,0
DA:1007,25
DA:1008,25
DA:1019,30
DA:1020,30
DA:1022,130
DA:1023,130
DA:1024,130
DA:1025,130
DA:1026,130
DA:1027,260
DA:1028,30
DA:1061,0
DA:1062,0
DA:1063,0
DA:1064,0
DA:1065,0
DA:1075,47
DA:1076,30
DA:1079,17
DA:1080,17
DA:1081,17
DA:1082,17
DA:1083,17
DA:1084,47
DA:1237,0
DA:1238,0
DA:1242,0
DA:1243,0
DA:1245,0
DA:1246,0
DA:1247,0
DA:1248,0
DA:1389,47
DA:1391,47
DA:1392,47
DA:1393,47
DA:1394,47
DA:1427,47
DA:1428,47
DA:1430,39
DA:1431,39
DA:1432,39
DA:1434,0
DA:1435,0
DA:1436,0
DA:1437,0
DA:1438,39
DA:1439,39
DA:1440,0
DA:1442,39
DA:1443,39
DA:1446,8
DA:1447,8
DA:1448,8
DA:1450,47
DA:1451,47
DA:1483,3014
DA:1504,1507
DA:1520,1507
DA:1537,14100
DA:2039,47
DA:2040,47
DA:2041,47
DA:2042,0
DA:2043,0
DA:2044,47
DA:2144,111
DA:2166,39
LF:147
LH:104
end_of_record
SF:/Users/evgenabramov/MIPT-Formal-Practice2/Algo.cpp
FN:3,_ZN4Algo5CheckE7GrammarRKNSt3__112basic_stringIcNS1_11char_traitsIcEENS1_9allocatorIcEEEE
FN:25,_ZN4Algo21GetFakeStartSituationEv
FN:33,_ZN4Algo4ScanEm
FN:44,_ZN4Algo7PredictEm
FN:56,_ZN4Algo8CompleteEm
FNDA:47,_ZN4Algo5CheckE7GrammarRKNSt3__112basic_stringIcNS1_11char_traitsIcEENS1_9allocatorIcEEEE
FNDA:47,_ZN4Algo21GetFakeStartSituationEv
FNDA:268,_ZN4Algo4ScanEm
FNDA:764,_ZN4Algo7PredictEm
FNDA:764,_ZN4Algo8CompleteEm
FNF:5
FNH:5
DA:4,47
DA:5,47
DA:6,47
DA:7,47
DA:8,47
DA:9,141
DA:10,630
DA:11,268
DA:12,268
DA:13,268
DA:14,1528
DA:15,764
DA:16,764
DA:17,2292
DA:18,268
DA:19,47
DA:20,94
DA:21,141
DA:22,94
DA:23,47
DA:26,141
DA:27,47
DA:28,47
DA:29,47
DA:30,47
DA:31,47
DA:34,268
DA:35,47
DA:37,6858
DA:38,2416
DA:39,532
DA:40,266
DA:42,268
DA:45,22052
DA:46,17936
DA:47,49770
DA:48,23378
DA:49,22797
DA:50,7599
DA:52,1507
DA:53,5131
DA:54,764
DA:57,18708
DA:58,4295
DA:59,40016
DA:60,16555
DA:61,3516
DA:62,1758
DA:64,1106
DA:66,764
LF:50
LH:50
end_of_record
SF:/Users/evgenabramov/MIPT-Formal-Practice2/Grammar.h
FN:3,_ZN7GrammaraSERKS_
FNDA:47,_ZN7GrammaraSERKS_
FNF:1
FNH:1
DA:3,47
LF:1
LH:1
end_of_record
SF:/Users/evgenabramov/MIPT-Formal-Practice2/GrammarRule.h
FN:8,_ZN11GrammarRuleD1Ev
FN:8,_ZN11GrammarRuleD2Ev
FN:8,_ZN11GrammarRuleaSERKS_
FN:13,_ZN11GrammarRuleC2ERKS_
FN:13,_ZN11GrammarRuleC1ERKS_
FNDA:0,_ZN11GrammarRuleD1Ev
FNDA:0,_ZN11GrammarRuleaSERKS_
FNDA:0,_ZN11GrammarRuleD2Ev
FNDA:0,_ZN11GrammarRuleC1ERKS_
FNDA:0,_ZN11GrammarRuleC2ERKS_
FNF:5
FNH:0
DA:8,0
DA:13,0
LF:2
LH:0
end_of_record
SF:/Users/evgenabramov/MIPT-Formal-Practice2/Situation.h
FN:3,_ZN9SituationD1Ev
FN:3,_ZN9SituationD2Ev
FN:4,_ZN9SituationC1ERK11GrammarRulemm
FN:4,_ZN9SituationC2ERK11GrammarRulemm
FN:7,_ZN9SituationC1ERKS_
FN:7,_ZN9SituationC2ERKS_
FNDA:0,_ZN9SituationD1Ev
FNDA:0,_ZN9SituationD2Ev
FNDA:9717,_ZN9SituationC1ERK11GrammarRulemm
FNDA:9717,_ZN9SituationC2ERK11GrammarRulemm
FNDA:6033,_ZN9SituationC1ERKS_
FNDA:6033,_ZN9SituationC2ERKS_
FNF:6
FNH:4
DA:3,0
DA:5,19434
DA:7,12066
LF:3
LH:2
end_of_record
